{"/Users/feifei/Desktop/UI/UI/src/App.js": {"path":"/Users/feifei/Desktop/UI/UI/src/App.js","statementMap":{"0":{"start":{"line":21,"column":23},"end":{"line":34,"column":1}},"1":{"start":{"line":22,"column":40},"end":{"line":22,"column":49}},"2":{"start":{"line":23,"column":19},"end":{"line":23,"column":32}},"3":{"start":{"line":25,"column":2},"end":{"line":27,"column":3}},"4":{"start":{"line":26,"column":4},"end":{"line":26,"column":71}},"5":{"start":{"line":29,"column":2},"end":{"line":31,"column":3}},"6":{"start":{"line":30,"column":4},"end":{"line":30,"column":31}},"7":{"start":{"line":33,"column":2},"end":{"line":33,"column":18}},"8":{"start":{"line":36,"column":12},"end":{"line":74,"column":1}},"9":{"start":{"line":37,"column":2},"end":{"line":73,"column":4}}},"fnMap":{"0":{"name":"(anonymous_0)","decl":{"start":{"line":21,"column":23},"end":{"line":21,"column":24}},"loc":{"start":{"line":21,"column":55},"end":{"line":34,"column":1}},"line":21},"1":{"name":"(anonymous_1)","decl":{"start":{"line":36,"column":12},"end":{"line":36,"column":13}},"loc":{"start":{"line":36,"column":18},"end":{"line":74,"column":1}},"line":36}},"branchMap":{"0":{"loc":{"start":{"line":25,"column":2},"end":{"line":27,"column":3}},"type":"if","locations":[{"start":{"line":25,"column":2},"end":{"line":27,"column":3}},{"start":{},"end":{}}],"line":25},"1":{"loc":{"start":{"line":29,"column":2},"end":{"line":31,"column":3}},"type":"if","locations":[{"start":{"line":29,"column":2},"end":{"line":31,"column":3}},{"start":{},"end":{}}],"line":29},"2":{"loc":{"start":{"line":29,"column":6},"end":{"line":29,"column":47}},"type":"binary-expr","locations":[{"start":{"line":29,"column":6},"end":{"line":29,"column":18}},{"start":{"line":29,"column":22},"end":{"line":29,"column":47}}],"line":29}},"s":{"0":1,"1":1,"2":1,"3":1,"4":1,"5":0,"6":0,"7":0,"8":1,"9":4},"f":{"0":1,"1":4},"b":{"0":[1,0],"1":[0,0],"2":[0,0]},"_coverageSchema":"1a1c01bbd47fc00a2c39e90264f33305004495a9","hash":"b956b5fdeb51633c12ce72ac0e163967062f28db"}
,"/Users/feifei/Desktop/UI/UI/src/components/FileUploader.js": {"path":"/Users/feifei/Desktop/UI/UI/src/components/FileUploader.js","statementMap":{"0":{"start":{"line":6,"column":24},"end":{"line":6,"column":34}},"1":{"start":{"line":14,"column":21},"end":{"line":109,"column":1}},"2":{"start":{"line":15,"column":34},"end":{"line":15,"column":46}},"3":{"start":{"line":16,"column":36},"end":{"line":16,"column":51}},"4":{"start":{"line":17,"column":34},"end":{"line":17,"column":48}},"5":{"start":{"line":19,"column":23},"end":{"line":59,"column":3}},"6":{"start":{"line":20,"column":4},"end":{"line":20,"column":23}},"7":{"start":{"line":23,"column":4},"end":{"line":27,"column":5}},"8":{"start":{"line":24,"column":6},"end":{"line":24,"column":34}},"9":{"start":{"line":25,"column":6},"end":{"line":25,"column":26}},"10":{"start":{"line":26,"column":6},"end":{"line":26,"column":19}},"11":{"start":{"line":30,"column":4},"end":{"line":54,"column":7}},"12":{"start":{"line":34,"column":8},"end":{"line":38,"column":9}},"13":{"start":{"line":35,"column":10},"end":{"line":35,"column":64}},"14":{"start":{"line":36,"column":10},"end":{"line":36,"column":30}},"15":{"start":{"line":37,"column":10},"end":{"line":37,"column":17}},"16":{"start":{"line":40,"column":8},"end":{"line":40,"column":34}},"17":{"start":{"line":41,"column":8},"end":{"line":41,"column":74}},"18":{"start":{"line":44,"column":8},"end":{"line":46,"column":9}},"19":{"start":{"line":45,"column":10},"end":{"line":45,"column":39}},"20":{"start":{"line":48,"column":8},"end":{"line":48,"column":28}},"21":{"start":{"line":51,"column":8},"end":{"line":51,"column":50}},"22":{"start":{"line":52,"column":8},"end":{"line":52,"column":28}},"23":{"start":{"line":57,"column":4},"end":{"line":57,"column":24}},"24":{"start":{"line":58,"column":4},"end":{"line":58,"column":17}},"25":{"start":{"line":61,"column":22},"end":{"line":72,"column":3}},"26":{"start":{"line":66,"column":6},"end":{"line":66,"column":22}},"27":{"start":{"line":67,"column":6},"end":{"line":67,"column":24}},"28":{"start":{"line":68,"column":6},"end":{"line":70,"column":7}},"29":{"start":{"line":69,"column":8},"end":{"line":69,"column":29}},"30":{"start":{"line":74,"column":24},"end":{"line":90,"column":3}},"31":{"start":{"line":75,"column":4},"end":{"line":75,"column":56}},"32":{"start":{"line":75,"column":44},"end":{"line":75,"column":56}},"33":{"start":{"line":78,"column":20},"end":{"line":78,"column":44}},"34":{"start":{"line":80,"column":4},"end":{"line":89,"column":6}},"35":{"start":{"line":92,"column":2},"end":{"line":108,"column":4}}},"fnMap":{"0":{"name":"(anonymous_0)","decl":{"start":{"line":14,"column":21},"end":{"line":14,"column":22}},"loc":{"start":{"line":14,"column":92},"end":{"line":109,"column":1}},"line":14},"1":{"name":"(anonymous_1)","decl":{"start":{"line":19,"column":23},"end":{"line":19,"column":24}},"loc":{"start":{"line":19,"column":33},"end":{"line":59,"column":3}},"line":19},"2":{"name":"(anonymous_2)","decl":{"start":{"line":32,"column":16},"end":{"line":32,"column":17}},"loc":{"start":{"line":32,"column":29},"end":{"line":49,"column":7}},"line":32},"3":{"name":"(anonymous_3)","decl":{"start":{"line":50,"column":13},"end":{"line":50,"column":14}},"loc":{"start":{"line":50,"column":24},"end":{"line":53,"column":7}},"line":50},"4":{"name":"(anonymous_4)","decl":{"start":{"line":65,"column":14},"end":{"line":65,"column":15}},"loc":{"start":{"line":65,"column":20},"end":{"line":71,"column":5}},"line":65},"5":{"name":"(anonymous_5)","decl":{"start":{"line":74,"column":24},"end":{"line":74,"column":25}},"loc":{"start":{"line":74,"column":30},"end":{"line":90,"column":3}},"line":74}},"branchMap":{"0":{"loc":{"start":{"line":14,"column":40},"end":{"line":14,"column":54}},"type":"default-arg","locations":[{"start":{"line":14,"column":48},"end":{"line":14,"column":54}}],"line":14},"1":{"loc":{"start":{"line":14,"column":56},"end":{"line":14,"column":85}},"type":"default-arg","locations":[{"start":{"line":14,"column":70},"end":{"line":14,"column":85}}],"line":14},"2":{"loc":{"start":{"line":23,"column":4},"end":{"line":27,"column":5}},"type":"if","locations":[{"start":{"line":23,"column":4},"end":{"line":27,"column":5}},{"start":{},"end":{}}],"line":23},"3":{"loc":{"start":{"line":23,"column":8},"end":{"line":23,"column":63}},"type":"binary-expr","locations":[{"start":{"line":23,"column":8},"end":{"line":23,"column":32}},{"start":{"line":23,"column":36},"end":{"line":23,"column":63}}],"line":23},"4":{"loc":{"start":{"line":34,"column":8},"end":{"line":38,"column":9}},"type":"if","locations":[{"start":{"line":34,"column":8},"end":{"line":38,"column":9}},{"start":{},"end":{}}],"line":34},"5":{"loc":{"start":{"line":44,"column":8},"end":{"line":46,"column":9}},"type":"if","locations":[{"start":{"line":44,"column":8},"end":{"line":46,"column":9}},{"start":{},"end":{}}],"line":44},"6":{"loc":{"start":{"line":68,"column":6},"end":{"line":70,"column":7}},"type":"if","locations":[{"start":{"line":68,"column":6},"end":{"line":70,"column":7}},{"start":{},"end":{}}],"line":68},"7":{"loc":{"start":{"line":75,"column":4},"end":{"line":75,"column":56}},"type":"if","locations":[{"start":{"line":75,"column":4},"end":{"line":75,"column":56}},{"start":{},"end":{}}],"line":75},"8":{"loc":{"start":{"line":75,"column":8},"end":{"line":75,"column":42}},"type":"binary-expr","locations":[{"start":{"line":75,"column":8},"end":{"line":75,"column":17}},{"start":{"line":75,"column":21},"end":{"line":75,"column":42}}],"line":75},"9":{"loc":{"start":{"line":105,"column":9},"end":{"line":105,"column":36}},"type":"binary-expr","locations":[{"start":{"line":105,"column":9},"end":{"line":105,"column":17}},{"start":{"line":105,"column":21},"end":{"line":105,"column":36}}],"line":105}},"s":{"0":1,"1":1,"2":0,"3":0,"4":0,"5":0,"6":0,"7":0,"8":0,"9":0,"10":0,"11":0,"12":0,"13":0,"14":0,"15":0,"16":0,"17":0,"18":0,"19":0,"20":0,"21":0,"22":0,"23":0,"24":0,"25":0,"26":0,"27":0,"28":0,"29":0,"30":0,"31":0,"32":0,"33":0,"34":0,"35":0},"f":{"0":0,"1":0,"2":0,"3":0,"4":0,"5":0},"b":{"0":[0],"1":[0],"2":[0,0],"3":[0,0],"4":[0,0],"5":[0,0],"6":[0,0],"7":[0,0],"8":[0,0],"9":[0,0]},"_coverageSchema":"1a1c01bbd47fc00a2c39e90264f33305004495a9","hash":"f4455a20dc717626a0137bcca68ef6db854460bc"}
,"/Users/feifei/Desktop/UI/UI/src/pages/DataAnalysis.js": {"path":"/Users/feifei/Desktop/UI/UI/src/pages/DataAnalysis.js","statementMap":{"0":{"start":{"line":29,"column":35},"end":{"line":29,"column":45}},"1":{"start":{"line":30,"column":19},"end":{"line":30,"column":25}},"2":{"start":{"line":31,"column":21},"end":{"line":31,"column":27}},"3":{"start":{"line":32,"column":20},"end":{"line":32,"column":24}},"4":{"start":{"line":35,"column":30},"end":{"line":46,"column":1}},"5":{"start":{"line":48,"column":26},"end":{"line":59,"column":1}},"6":{"start":{"line":61,"column":21},"end":{"line":664,"column":1}},"7":{"start":{"line":62,"column":32},"end":{"line":62,"column":46}},"8":{"start":{"line":63,"column":36},"end":{"line":63,"column":53}},"9":{"start":{"line":64,"column":50},"end":{"line":64,"column":76}},"10":{"start":{"line":65,"column":46},"end":{"line":65,"column":59}},"11":{"start":{"line":66,"column":48},"end":{"line":66,"column":60}},"12":{"start":{"line":67,"column":40},"end":{"line":67,"column":52}},"13":{"start":{"line":68,"column":36},"end":{"line":68,"column":54}},"14":{"start":{"line":69,"column":44},"end":{"line":69,"column":59}},"15":{"start":{"line":70,"column":38},"end":{"line":70,"column":50}},"16":{"start":{"line":71,"column":50},"end":{"line":71,"column":62}},"17":{"start":{"line":72,"column":56},"end":{"line":72,"column":68}},"18":{"start":{"line":75,"column":2},"end":{"line":81,"column":9}},"19":{"start":{"line":76,"column":4},"end":{"line":80,"column":13}},"20":{"start":{"line":77,"column":6},"end":{"line":77,"column":48}},"21":{"start":{"line":78,"column":6},"end":{"line":78,"column":40}},"22":{"start":{"line":79,"column":6},"end":{"line":79,"column":24}},"23":{"start":{"line":84,"column":29},"end":{"line":140,"column":3}},"24":{"start":{"line":85,"column":4},"end":{"line":88,"column":5}},"25":{"start":{"line":86,"column":6},"end":{"line":86,"column":30}},"26":{"start":{"line":87,"column":6},"end":{"line":87,"column":13}},"27":{"start":{"line":91,"column":4},"end":{"line":139,"column":5}},"28":{"start":{"line":93,"column":24},"end":{"line":93,"column":31}},"29":{"start":{"line":94,"column":21},"end":{"line":94,"column":43}},"30":{"start":{"line":97,"column":30},"end":{"line":97,"column":32}},"31":{"start":{"line":98,"column":33},"end":{"line":98,"column":35}},"32":{"start":{"line":101,"column":30},"end":{"line":104,"column":7}},"33":{"start":{"line":107,"column":6},"end":{"line":117,"column":9}},"34":{"start":{"line":109,"column":32},"end":{"line":109,"column":72}},"35":{"start":{"line":112,"column":8},"end":{"line":116,"column":9}},"36":{"start":{"line":113,"column":10},"end":{"line":113,"column":41}},"37":{"start":{"line":115,"column":10},"end":{"line":115,"column":38}},"38":{"start":{"line":119,"column":6},"end":{"line":122,"column":7}},"39":{"start":{"line":120,"column":8},"end":{"line":120,"column":51}},"40":{"start":{"line":121,"column":8},"end":{"line":121,"column":15}},"41":{"start":{"line":125,"column":6},"end":{"line":125,"column":43}},"42":{"start":{"line":126,"column":6},"end":{"line":126,"column":49}},"43":{"start":{"line":129,"column":6},"end":{"line":129,"column":44}},"44":{"start":{"line":130,"column":6},"end":{"line":130,"column":49}},"45":{"start":{"line":133,"column":6},"end":{"line":133,"column":26}},"46":{"start":{"line":134,"column":6},"end":{"line":134,"column":29}},"47":{"start":{"line":135,"column":6},"end":{"line":135,"column":39}},"48":{"start":{"line":138,"column":6},"end":{"line":138,"column":48}},"49":{"start":{"line":143,"column":25},"end":{"line":148,"column":3}},"50":{"start":{"line":150,"column":23},"end":{"line":163,"column":3}},"51":{"start":{"line":166,"column":28},"end":{"line":174,"column":3}},"52":{"start":{"line":167,"column":4},"end":{"line":169,"column":5}},"53":{"start":{"line":168,"column":6},"end":{"line":168,"column":24}},"54":{"start":{"line":171,"column":4},"end":{"line":173,"column":20}},"55":{"start":{"line":177,"column":25},"end":{"line":182,"column":3}},"56":{"start":{"line":178,"column":4},"end":{"line":180,"column":5}},"57":{"start":{"line":179,"column":6},"end":{"line":179,"column":44}},"58":{"start":{"line":181,"column":4},"end":{"line":181,"column":32}},"59":{"start":{"line":185,"column":27},"end":{"line":190,"column":3}},"60":{"start":{"line":186,"column":4},"end":{"line":188,"column":5}},"61":{"start":{"line":187,"column":6},"end":{"line":187,"column":50}},"62":{"start":{"line":189,"column":4},"end":{"line":189,"column":36}},"63":{"start":{"line":193,"column":25},"end":{"line":254,"column":3}},"64":{"start":{"line":195,"column":20},"end":{"line":195,"column":39}},"65":{"start":{"line":198,"column":23},"end":{"line":201,"column":6}},"66":{"start":{"line":199,"column":24},"end":{"line":199,"column":38}},"67":{"start":{"line":200,"column":6},"end":{"line":200,"column":41}},"68":{"start":{"line":204,"column":18},"end":{"line":204,"column":62}},"69":{"start":{"line":204,"column":41},"end":{"line":204,"column":61}},"70":{"start":{"line":205,"column":18},"end":{"line":205,"column":64}},"71":{"start":{"line":205,"column":41},"end":{"line":205,"column":63}},"72":{"start":{"line":207,"column":4},"end":{"line":253,"column":6}},"73":{"start":{"line":215,"column":28},"end":{"line":215,"column":47}},"74":{"start":{"line":216,"column":23},"end":{"line":216,"column":44}},"75":{"start":{"line":217,"column":10},"end":{"line":218,"column":84}},"76":{"start":{"line":257,"column":31},"end":{"line":334,"column":3}},"77":{"start":{"line":259,"column":20},"end":{"line":259,"column":35}},"78":{"start":{"line":262,"column":20},"end":{"line":262,"column":59}},"79":{"start":{"line":263,"column":23},"end":{"line":263,"column":88}},"80":{"start":{"line":266,"column":28},"end":{"line":272,"column":5}},"81":{"start":{"line":274,"column":4},"end":{"line":333,"column":6}},"82":{"start":{"line":282,"column":10},"end":{"line":282,"column":148}},"83":{"start":{"line":293,"column":31},"end":{"line":293,"column":46}},"84":{"start":{"line":304,"column":34},"end":{"line":304,"column":51}},"85":{"start":{"line":324,"column":10},"end":{"line":324,"column":42}},"86":{"start":{"line":324,"column":30},"end":{"line":324,"column":41}},"87":{"start":{"line":337,"column":27},"end":{"line":394,"column":3}},"88":{"start":{"line":339,"column":20},"end":{"line":341,"column":19}},"89":{"start":{"line":344,"column":24},"end":{"line":344,"column":91}},"90":{"start":{"line":344,"column":44},"end":{"line":344,"column":90}},"91":{"start":{"line":346,"column":4},"end":{"line":393,"column":6}},"92":{"start":{"line":354,"column":10},"end":{"line":354,"column":131}},"93":{"start":{"line":397,"column":34},"end":{"line":428,"column":3}},"94":{"start":{"line":398,"column":4},"end":{"line":398,"column":35}},"95":{"start":{"line":398,"column":25},"end":{"line":398,"column":35}},"96":{"start":{"line":401,"column":20},"end":{"line":401,"column":47}},"97":{"start":{"line":401,"column":38},"end":{"line":401,"column":46}},"98":{"start":{"line":402,"column":20},"end":{"line":402,"column":47}},"99":{"start":{"line":402,"column":38},"end":{"line":402,"column":46}},"100":{"start":{"line":405,"column":18},"end":{"line":405,"column":77}},"101":{"start":{"line":405,"column":47},"end":{"line":405,"column":56}},"102":{"start":{"line":406,"column":18},"end":{"line":406,"column":77}},"103":{"start":{"line":406,"column":47},"end":{"line":406,"column":56}},"104":{"start":{"line":409,"column":20},"end":{"line":409,"column":21}},"105":{"start":{"line":410,"column":22},"end":{"line":410,"column":23}},"106":{"start":{"line":412,"column":4},"end":{"line":415,"column":5}},"107":{"start":{"line":412,"column":17},"end":{"line":412,"column":18}},"108":{"start":{"line":413,"column":6},"end":{"line":413,"column":63}},"109":{"start":{"line":414,"column":6},"end":{"line":414,"column":53}},"110":{"start":{"line":417,"column":18},"end":{"line":417,"column":65}},"111":{"start":{"line":418,"column":22},"end":{"line":418,"column":43}},"112":{"start":{"line":421,"column":17},"end":{"line":421,"column":37}},"113":{"start":{"line":422,"column":17},"end":{"line":422,"column":37}},"114":{"start":{"line":424,"column":4},"end":{"line":427,"column":6}},"115":{"start":{"line":431,"column":21},"end":{"line":455,"column":3}},"116":{"start":{"line":432,"column":26},"end":{"line":432,"column":90}},"117":{"start":{"line":434,"column":4},"end":{"line":454,"column":5}},"118":{"start":{"line":435,"column":6},"end":{"line":443,"column":8}},"119":{"start":{"line":436,"column":72},"end":{"line":436,"column":81}},"120":{"start":{"line":437,"column":75},"end":{"line":437,"column":86}},"121":{"start":{"line":438,"column":75},"end":{"line":438,"column":86}},"122":{"start":{"line":439,"column":95},"end":{"line":439,"column":130}},"123":{"start":{"line":440,"column":99},"end":{"line":440,"column":138}},"124":{"start":{"line":441,"column":90},"end":{"line":441,"column":117}},"125":{"start":{"line":442,"column":87},"end":{"line":442,"column":112}},"126":{"start":{"line":445,"column":6},"end":{"line":453,"column":8}},"127":{"start":{"line":446,"column":80},"end":{"line":446,"column":95}},"128":{"start":{"line":447,"column":90},"end":{"line":447,"column":115}},"129":{"start":{"line":448,"column":88},"end":{"line":448,"column":111}},"130":{"start":{"line":449,"column":95},"end":{"line":449,"column":130}},"131":{"start":{"line":450,"column":99},"end":{"line":450,"column":138}},"132":{"start":{"line":451,"column":90},"end":{"line":451,"column":117}},"133":{"start":{"line":452,"column":87},"end":{"line":452,"column":112}},"134":{"start":{"line":458,"column":31},"end":{"line":460,"column":3}},"135":{"start":{"line":459,"column":4},"end":{"line":459,"column":31}},"136":{"start":{"line":463,"column":29},"end":{"line":465,"column":3}},"137":{"start":{"line":464,"column":4},"end":{"line":464,"column":29}},"138":{"start":{"line":468,"column":32},"end":{"line":478,"column":3}},"139":{"start":{"line":469,"column":4},"end":{"line":473,"column":5}},"140":{"start":{"line":470,"column":6},"end":{"line":472,"column":9}},"141":{"start":{"line":471,"column":8},"end":{"line":471,"column":79}},"142":{"start":{"line":475,"column":4},"end":{"line":477,"column":7}},"143":{"start":{"line":476,"column":6},"end":{"line":476,"column":52}},"144":{"start":{"line":481,"column":30},"end":{"line":506,"column":3}},"145":{"start":{"line":482,"column":4},"end":{"line":486,"column":5}},"146":{"start":{"line":483,"column":6},"end":{"line":485,"column":9}},"147":{"start":{"line":484,"column":8},"end":{"line":484,"column":85}},"148":{"start":{"line":488,"column":4},"end":{"line":505,"column":6}},"149":{"start":{"line":509,"column":31},"end":{"line":512,"column":3}},"150":{"start":{"line":510,"column":4},"end":{"line":510,"column":33}},"151":{"start":{"line":514,"column":2},"end":{"line":520,"column":3}},"152":{"start":{"line":515,"column":4},"end":{"line":519,"column":6}},"153":{"start":{"line":522,"column":2},"end":{"line":663,"column":4}},"154":{"start":{"line":655,"column":41},"end":{"line":655,"column":46}}},"fnMap":{"0":{"name":"(anonymous_0)","decl":{"start":{"line":61,"column":21},"end":{"line":61,"column":22}},"loc":{"start":{"line":61,"column":27},"end":{"line":664,"column":1}},"line":61},"1":{"name":"(anonymous_1)","decl":{"start":{"line":75,"column":12},"end":{"line":75,"column":13}},"loc":{"start":{"line":75,"column":18},"end":{"line":81,"column":3}},"line":75},"2":{"name":"(anonymous_2)","decl":{"start":{"line":76,"column":15},"end":{"line":76,"column":16}},"loc":{"start":{"line":76,"column":21},"end":{"line":80,"column":5}},"line":76},"3":{"name":"(anonymous_3)","decl":{"start":{"line":84,"column":29},"end":{"line":84,"column":30}},"loc":{"start":{"line":84,"column":39},"end":{"line":140,"column":3}},"line":84},"4":{"name":"(anonymous_4)","decl":{"start":{"line":107,"column":21},"end":{"line":107,"column":22}},"loc":{"start":{"line":107,"column":30},"end":{"line":117,"column":7}},"line":107},"5":{"name":"(anonymous_5)","decl":{"start":{"line":166,"column":28},"end":{"line":166,"column":29}},"loc":{"start":{"line":166,"column":34},"end":{"line":174,"column":3}},"line":166},"6":{"name":"(anonymous_6)","decl":{"start":{"line":177,"column":25},"end":{"line":177,"column":26}},"loc":{"start":{"line":177,"column":37},"end":{"line":182,"column":3}},"line":177},"7":{"name":"(anonymous_7)","decl":{"start":{"line":185,"column":27},"end":{"line":185,"column":28}},"loc":{"start":{"line":185,"column":41},"end":{"line":190,"column":3}},"line":185},"8":{"name":"(anonymous_8)","decl":{"start":{"line":193,"column":25},"end":{"line":193,"column":26}},"loc":{"start":{"line":193,"column":31},"end":{"line":254,"column":3}},"line":193},"9":{"name":"(anonymous_9)","decl":{"start":{"line":198,"column":41},"end":{"line":198,"column":42}},"loc":{"start":{"line":198,"column":51},"end":{"line":201,"column":5}},"line":198},"10":{"name":"(anonymous_10)","decl":{"start":{"line":204,"column":33},"end":{"line":204,"column":34}},"loc":{"start":{"line":204,"column":41},"end":{"line":204,"column":61}},"line":204},"11":{"name":"(anonymous_11)","decl":{"start":{"line":205,"column":33},"end":{"line":205,"column":34}},"loc":{"start":{"line":205,"column":41},"end":{"line":205,"column":63}},"line":205},"12":{"name":"(anonymous_12)","decl":{"start":{"line":214,"column":19},"end":{"line":214,"column":20}},"loc":{"start":{"line":214,"column":36},"end":{"line":219,"column":9}},"line":214},"13":{"name":"(anonymous_13)","decl":{"start":{"line":257,"column":31},"end":{"line":257,"column":32}},"loc":{"start":{"line":257,"column":37},"end":{"line":334,"column":3}},"line":257},"14":{"name":"(anonymous_14)","decl":{"start":{"line":281,"column":19},"end":{"line":281,"column":20}},"loc":{"start":{"line":281,"column":37},"end":{"line":283,"column":9}},"line":281},"15":{"name":"(anonymous_15)","decl":{"start":{"line":293,"column":26},"end":{"line":293,"column":27}},"loc":{"start":{"line":293,"column":31},"end":{"line":293,"column":46}},"line":293},"16":{"name":"(anonymous_16)","decl":{"start":{"line":304,"column":29},"end":{"line":304,"column":30}},"loc":{"start":{"line":304,"column":34},"end":{"line":304,"column":51}},"line":304},"17":{"name":"(anonymous_17)","decl":{"start":{"line":323,"column":38},"end":{"line":323,"column":39}},"loc":{"start":{"line":324,"column":10},"end":{"line":324,"column":42}},"line":324},"18":{"name":"(anonymous_18)","decl":{"start":{"line":324,"column":18},"end":{"line":324,"column":19}},"loc":{"start":{"line":324,"column":30},"end":{"line":324,"column":41}},"line":324},"19":{"name":"(anonymous_19)","decl":{"start":{"line":337,"column":27},"end":{"line":337,"column":28}},"loc":{"start":{"line":337,"column":33},"end":{"line":394,"column":3}},"line":337},"20":{"name":"(anonymous_20)","decl":{"start":{"line":344,"column":36},"end":{"line":344,"column":37}},"loc":{"start":{"line":344,"column":44},"end":{"line":344,"column":90}},"line":344},"21":{"name":"(anonymous_21)","decl":{"start":{"line":353,"column":19},"end":{"line":353,"column":20}},"loc":{"start":{"line":353,"column":36},"end":{"line":355,"column":9}},"line":353},"22":{"name":"(anonymous_22)","decl":{"start":{"line":397,"column":34},"end":{"line":397,"column":35}},"loc":{"start":{"line":397,"column":44},"end":{"line":428,"column":3}},"line":397},"23":{"name":"(anonymous_23)","decl":{"start":{"line":401,"column":29},"end":{"line":401,"column":30}},"loc":{"start":{"line":401,"column":38},"end":{"line":401,"column":46}},"line":401},"24":{"name":"(anonymous_24)","decl":{"start":{"line":402,"column":29},"end":{"line":402,"column":30}},"loc":{"start":{"line":402,"column":38},"end":{"line":402,"column":46}},"line":402},"25":{"name":"(anonymous_25)","decl":{"start":{"line":405,"column":33},"end":{"line":405,"column":34}},"loc":{"start":{"line":405,"column":47},"end":{"line":405,"column":56}},"line":405},"26":{"name":"(anonymous_26)","decl":{"start":{"line":406,"column":33},"end":{"line":406,"column":34}},"loc":{"start":{"line":406,"column":47},"end":{"line":406,"column":56}},"line":406},"27":{"name":"(anonymous_27)","decl":{"start":{"line":431,"column":21},"end":{"line":431,"column":22}},"loc":{"start":{"line":431,"column":27},"end":{"line":455,"column":3}},"line":431},"28":{"name":"(anonymous_28)","decl":{"start":{"line":436,"column":62},"end":{"line":436,"column":63}},"loc":{"start":{"line":436,"column":72},"end":{"line":436,"column":81}},"line":436},"29":{"name":"(anonymous_29)","decl":{"start":{"line":437,"column":65},"end":{"line":437,"column":66}},"loc":{"start":{"line":437,"column":75},"end":{"line":437,"column":86}},"line":437},"30":{"name":"(anonymous_30)","decl":{"start":{"line":438,"column":65},"end":{"line":438,"column":66}},"loc":{"start":{"line":438,"column":75},"end":{"line":438,"column":86}},"line":438},"31":{"name":"(anonymous_31)","decl":{"start":{"line":439,"column":85},"end":{"line":439,"column":86}},"loc":{"start":{"line":439,"column":95},"end":{"line":439,"column":130}},"line":439},"32":{"name":"(anonymous_32)","decl":{"start":{"line":440,"column":89},"end":{"line":440,"column":90}},"loc":{"start":{"line":440,"column":99},"end":{"line":440,"column":138}},"line":440},"33":{"name":"(anonymous_33)","decl":{"start":{"line":441,"column":80},"end":{"line":441,"column":81}},"loc":{"start":{"line":441,"column":90},"end":{"line":441,"column":117}},"line":441},"34":{"name":"(anonymous_34)","decl":{"start":{"line":442,"column":77},"end":{"line":442,"column":78}},"loc":{"start":{"line":442,"column":87},"end":{"line":442,"column":112}},"line":442},"35":{"name":"(anonymous_35)","decl":{"start":{"line":446,"column":70},"end":{"line":446,"column":71}},"loc":{"start":{"line":446,"column":80},"end":{"line":446,"column":95}},"line":446},"36":{"name":"(anonymous_36)","decl":{"start":{"line":447,"column":80},"end":{"line":447,"column":81}},"loc":{"start":{"line":447,"column":90},"end":{"line":447,"column":115}},"line":447},"37":{"name":"(anonymous_37)","decl":{"start":{"line":448,"column":78},"end":{"line":448,"column":79}},"loc":{"start":{"line":448,"column":88},"end":{"line":448,"column":111}},"line":448},"38":{"name":"(anonymous_38)","decl":{"start":{"line":449,"column":85},"end":{"line":449,"column":86}},"loc":{"start":{"line":449,"column":95},"end":{"line":449,"column":130}},"line":449},"39":{"name":"(anonymous_39)","decl":{"start":{"line":450,"column":89},"end":{"line":450,"column":90}},"loc":{"start":{"line":450,"column":99},"end":{"line":450,"column":138}},"line":450},"40":{"name":"(anonymous_40)","decl":{"start":{"line":451,"column":80},"end":{"line":451,"column":81}},"loc":{"start":{"line":451,"column":90},"end":{"line":451,"column":117}},"line":451},"41":{"name":"(anonymous_41)","decl":{"start":{"line":452,"column":77},"end":{"line":452,"column":78}},"loc":{"start":{"line":452,"column":87},"end":{"line":452,"column":112}},"line":452},"42":{"name":"(anonymous_42)","decl":{"start":{"line":458,"column":31},"end":{"line":458,"column":32}},"loc":{"start":{"line":458,"column":42},"end":{"line":460,"column":3}},"line":458},"43":{"name":"(anonymous_43)","decl":{"start":{"line":463,"column":29},"end":{"line":463,"column":30}},"loc":{"start":{"line":463,"column":40},"end":{"line":465,"column":3}},"line":463},"44":{"name":"(anonymous_44)","decl":{"start":{"line":468,"column":32},"end":{"line":468,"column":33}},"loc":{"start":{"line":468,"column":38},"end":{"line":478,"column":3}},"line":468},"45":{"name":"(anonymous_45)","decl":{"start":{"line":470,"column":37},"end":{"line":470,"column":38}},"loc":{"start":{"line":471,"column":8},"end":{"line":471,"column":79}},"line":471},"46":{"name":"(anonymous_46)","decl":{"start":{"line":475,"column":46},"end":{"line":475,"column":47}},"loc":{"start":{"line":476,"column":6},"end":{"line":476,"column":52}},"line":476},"47":{"name":"(anonymous_47)","decl":{"start":{"line":481,"column":30},"end":{"line":481,"column":31}},"loc":{"start":{"line":481,"column":36},"end":{"line":506,"column":3}},"line":481},"48":{"name":"(anonymous_48)","decl":{"start":{"line":483,"column":34},"end":{"line":483,"column":35}},"loc":{"start":{"line":484,"column":8},"end":{"line":484,"column":85}},"line":484},"49":{"name":"(anonymous_49)","decl":{"start":{"line":509,"column":31},"end":{"line":509,"column":32}},"loc":{"start":{"line":509,"column":37},"end":{"line":512,"column":3}},"line":509},"50":{"name":"(anonymous_50)","decl":{"start":{"line":655,"column":22},"end":{"line":655,"column":23}},"loc":{"start":{"line":655,"column":41},"end":{"line":655,"column":46}},"line":655}},"branchMap":{"0":{"loc":{"start":{"line":85,"column":4},"end":{"line":88,"column":5}},"type":"if","locations":[{"start":{"line":85,"column":4},"end":{"line":88,"column":5}},{"start":{},"end":{}}],"line":85},"1":{"loc":{"start":{"line":85,"column":8},"end":{"line":85,"column":34}},"type":"binary-expr","locations":[{"start":{"line":85,"column":8},"end":{"line":85,"column":13}},{"start":{"line":85,"column":17},"end":{"line":85,"column":34}}],"line":85},"2":{"loc":{"start":{"line":112,"column":8},"end":{"line":116,"column":9}},"type":"if","locations":[{"start":{"line":112,"column":8},"end":{"line":116,"column":9}},{"start":{"line":114,"column":15},"end":{"line":116,"column":9}}],"line":112},"3":{"loc":{"start":{"line":112,"column":12},"end":{"line":112,"column":88}},"type":"binary-expr","locations":[{"start":{"line":112,"column":12},"end":{"line":112,"column":53}},{"start":{"line":112,"column":57},"end":{"line":112,"column":88}}],"line":112},"4":{"loc":{"start":{"line":119,"column":6},"end":{"line":122,"column":7}},"type":"if","locations":[{"start":{"line":119,"column":6},"end":{"line":122,"column":7}},{"start":{},"end":{}}],"line":119},"5":{"loc":{"start":{"line":119,"column":10},"end":{"line":119,"column":73}},"type":"binary-expr","locations":[{"start":{"line":119,"column":10},"end":{"line":119,"column":38}},{"start":{"line":119,"column":42},"end":{"line":119,"column":73}}],"line":119},"6":{"loc":{"start":{"line":167,"column":4},"end":{"line":169,"column":5}},"type":"if","locations":[{"start":{"line":167,"column":4},"end":{"line":169,"column":5}},{"start":{},"end":{}}],"line":167},"7":{"loc":{"start":{"line":167,"column":8},"end":{"line":167,"column":46}},"type":"binary-expr","locations":[{"start":{"line":167,"column":8},"end":{"line":167,"column":21}},{"start":{"line":167,"column":25},"end":{"line":167,"column":46}}],"line":167},"8":{"loc":{"start":{"line":171,"column":11},"end":{"line":173,"column":19}},"type":"cond-expr","locations":[{"start":{"line":172,"column":8},"end":{"line":172,"column":23}},{"start":{"line":173,"column":8},"end":{"line":173,"column":19}}],"line":171},"9":{"loc":{"start":{"line":178,"column":4},"end":{"line":180,"column":5}},"type":"if","locations":[{"start":{"line":178,"column":4},"end":{"line":180,"column":5}},{"start":{},"end":{}}],"line":178},"10":{"loc":{"start":{"line":179,"column":13},"end":{"line":179,"column":43}},"type":"binary-expr","locations":[{"start":{"line":179,"column":13},"end":{"line":179,"column":33}},{"start":{"line":179,"column":37},"end":{"line":179,"column":43}}],"line":179},"11":{"loc":{"start":{"line":186,"column":4},"end":{"line":188,"column":5}},"type":"if","locations":[{"start":{"line":186,"column":4},"end":{"line":188,"column":5}},{"start":{},"end":{}}],"line":186},"12":{"loc":{"start":{"line":187,"column":13},"end":{"line":187,"column":49}},"type":"binary-expr","locations":[{"start":{"line":187,"column":13},"end":{"line":187,"column":37}},{"start":{"line":187,"column":41},"end":{"line":187,"column":49}}],"line":187},"13":{"loc":{"start":{"line":339,"column":20},"end":{"line":341,"column":19}},"type":"cond-expr","locations":[{"start":{"line":340,"column":8},"end":{"line":340,"column":23}},{"start":{"line":341,"column":8},"end":{"line":341,"column":19}}],"line":339},"14":{"loc":{"start":{"line":398,"column":4},"end":{"line":398,"column":35}},"type":"if","locations":[{"start":{"line":398,"column":4},"end":{"line":398,"column":35}},{"start":{},"end":{}}],"line":398},"15":{"loc":{"start":{"line":417,"column":18},"end":{"line":417,"column":65}},"type":"cond-expr","locations":[{"start":{"line":417,"column":38},"end":{"line":417,"column":61}},{"start":{"line":417,"column":64},"end":{"line":417,"column":65}}],"line":417},"16":{"loc":{"start":{"line":434,"column":4},"end":{"line":454,"column":5}},"type":"if","locations":[{"start":{"line":434,"column":4},"end":{"line":454,"column":5}},{"start":{"line":444,"column":11},"end":{"line":454,"column":5}}],"line":434},"17":{"loc":{"start":{"line":469,"column":4},"end":{"line":473,"column":5}},"type":"if","locations":[{"start":{"line":469,"column":4},"end":{"line":473,"column":5}},{"start":{},"end":{}}],"line":469},"18":{"loc":{"start":{"line":471,"column":41},"end":{"line":471,"column":69}},"type":"binary-expr","locations":[{"start":{"line":471,"column":41},"end":{"line":471,"column":61}},{"start":{"line":471,"column":65},"end":{"line":471,"column":69}}],"line":471},"19":{"loc":{"start":{"line":482,"column":4},"end":{"line":486,"column":5}},"type":"if","locations":[{"start":{"line":482,"column":4},"end":{"line":486,"column":5}},{"start":{},"end":{}}],"line":482},"20":{"loc":{"start":{"line":484,"column":45},"end":{"line":484,"column":75}},"type":"binary-expr","locations":[{"start":{"line":484,"column":45},"end":{"line":484,"column":65}},{"start":{"line":484,"column":69},"end":{"line":484,"column":75}}],"line":484},"21":{"loc":{"start":{"line":514,"column":2},"end":{"line":520,"column":3}},"type":"if","locations":[{"start":{"line":514,"column":2},"end":{"line":520,"column":3}},{"start":{},"end":{}}],"line":514},"22":{"loc":{"start":{"line":536,"column":9},"end":{"line":544,"column":9}},"type":"binary-expr","locations":[{"start":{"line":536,"column":9},"end":{"line":536,"column":22}},{"start":{"line":537,"column":10},"end":{"line":543,"column":12}}],"line":536},"23":{"loc":{"start":{"line":592,"column":15},"end":{"line":594,"column":96}},"type":"cond-expr","locations":[{"start":{"line":593,"column":17},"end":{"line":593,"column":94}},{"start":{"line":594,"column":17},"end":{"line":594,"column":95}}],"line":592},"24":{"loc":{"start":{"line":592,"column":15},"end":{"line":592,"column":95}},"type":"binary-expr","locations":[{"start":{"line":592,"column":15},"end":{"line":592,"column":52}},{"start":{"line":592,"column":56},"end":{"line":592,"column":95}}],"line":592},"25":{"loc":{"start":{"line":593,"column":17},"end":{"line":593,"column":94}},"type":"cond-expr","locations":[{"start":{"line":593,"column":42},"end":{"line":593,"column":50}},{"start":{"line":593,"column":53},"end":{"line":593,"column":94}}],"line":593},"26":{"loc":{"start":{"line":593,"column":53},"end":{"line":593,"column":94}},"type":"cond-expr","locations":[{"start":{"line":593,"column":79},"end":{"line":593,"column":85}},{"start":{"line":593,"column":88},"end":{"line":593,"column":94}}],"line":593},"27":{"loc":{"start":{"line":594,"column":17},"end":{"line":594,"column":95}},"type":"cond-expr","locations":[{"start":{"line":594,"column":42},"end":{"line":594,"column":50}},{"start":{"line":594,"column":53},"end":{"line":594,"column":95}}],"line":594},"28":{"loc":{"start":{"line":594,"column":53},"end":{"line":594,"column":95}},"type":"cond-expr","locations":[{"start":{"line":594,"column":79},"end":{"line":594,"column":85}},{"start":{"line":594,"column":88},"end":{"line":594,"column":95}}],"line":594},"29":{"loc":{"start":{"line":654,"column":26},"end":{"line":654,"column":122}},"type":"cond-expr","locations":[{"start":{"line":654,"column":93},"end":{"line":654,"column":108}},{"start":{"line":654,"column":111},"end":{"line":654,"column":122}}],"line":654}},"s":{"0":1,"1":1,"2":1,"3":1,"4":1,"5":1,"6":1,"7":0,"8":0,"9":0,"10":0,"11":0,"12":0,"13":0,"14":0,"15":0,"16":0,"17":0,"18":0,"19":0,"20":0,"21":0,"22":0,"23":0,"24":0,"25":0,"26":0,"27":0,"28":0,"29":0,"30":0,"31":0,"32":0,"33":0,"34":0,"35":0,"36":0,"37":0,"38":0,"39":0,"40":0,"41":0,"42":0,"43":0,"44":0,"45":0,"46":0,"47":0,"48":0,"49":0,"50":0,"51":0,"52":0,"53":0,"54":0,"55":0,"56":0,"57":0,"58":0,"59":0,"60":0,"61":0,"62":0,"63":0,"64":0,"65":0,"66":0,"67":0,"68":0,"69":0,"70":0,"71":0,"72":0,"73":0,"74":0,"75":0,"76":0,"77":0,"78":0,"79":0,"80":0,"81":0,"82":0,"83":0,"84":0,"85":0,"86":0,"87":0,"88":0,"89":0,"90":0,"91":0,"92":0,"93":0,"94":0,"95":0,"96":0,"97":0,"98":0,"99":0,"100":0,"101":0,"102":0,"103":0,"104":0,"105":0,"106":0,"107":0,"108":0,"109":0,"110":0,"111":0,"112":0,"113":0,"114":0,"115":0,"116":0,"117":0,"118":0,"119":0,"120":0,"121":0,"122":0,"123":0,"124":0,"125":0,"126":0,"127":0,"128":0,"129":0,"130":0,"131":0,"132":0,"133":0,"134":0,"135":0,"136":0,"137":0,"138":0,"139":0,"140":0,"141":0,"142":0,"143":0,"144":0,"145":0,"146":0,"147":0,"148":0,"149":0,"150":0,"151":0,"152":0,"153":0,"154":0},"f":{"0":0,"1":0,"2":0,"3":0,"4":0,"5":0,"6":0,"7":0,"8":0,"9":0,"10":0,"11":0,"12":0,"13":0,"14":0,"15":0,"16":0,"17":0,"18":0,"19":0,"20":0,"21":0,"22":0,"23":0,"24":0,"25":0,"26":0,"27":0,"28":0,"29":0,"30":0,"31":0,"32":0,"33":0,"34":0,"35":0,"36":0,"37":0,"38":0,"39":0,"40":0,"41":0,"42":0,"43":0,"44":0,"45":0,"46":0,"47":0,"48":0,"49":0,"50":0},"b":{"0":[0,0],"1":[0,0],"2":[0,0],"3":[0,0],"4":[0,0],"5":[0,0],"6":[0,0],"7":[0,0],"8":[0,0],"9":[0,0],"10":[0,0],"11":[0,0],"12":[0,0],"13":[0,0],"14":[0,0],"15":[0,0],"16":[0,0],"17":[0,0],"18":[0,0],"19":[0,0],"20":[0,0],"21":[0,0],"22":[0,0],"23":[0,0],"24":[0,0],"25":[0,0],"26":[0,0],"27":[0,0],"28":[0,0],"29":[0,0]},"_coverageSchema":"1a1c01bbd47fc00a2c39e90264f33305004495a9","hash":"9cb7f752f67367f96d032648f93b98d8abe87525"}
,"/Users/feifei/Desktop/UI/UI/src/pages/Login.js": {"path":"/Users/feifei/Desktop/UI/UI/src/pages/Login.js","statementMap":{"0":{"start":{"line":7,"column":24},"end":{"line":7,"column":34}},"1":{"start":{"line":10,"column":15},"end":{"line":56,"column":1}},"2":{"start":{"line":58,"column":14},"end":{"line":135,"column":1}},"3":{"start":{"line":59,"column":32},"end":{"line":59,"column":47}},"4":{"start":{"line":60,"column":19},"end":{"line":60,"column":32}},"5":{"start":{"line":61,"column":19},"end":{"line":61,"column":32}},"6":{"start":{"line":62,"column":20},"end":{"line":62,"column":29}},"7":{"start":{"line":64,"column":15},"end":{"line":64,"column":52}},"8":{"start":{"line":66,"column":23},"end":{"line":77,"column":3}},"9":{"start":{"line":67,"column":4},"end":{"line":67,"column":21}},"10":{"start":{"line":68,"column":4},"end":{"line":76,"column":5}},"11":{"start":{"line":69,"column":19},"end":{"line":69,"column":38}},"12":{"start":{"line":70,"column":6},"end":{"line":70,"column":44}},"13":{"start":{"line":71,"column":6},"end":{"line":71,"column":74}},"14":{"start":{"line":73,"column":6},"end":{"line":73,"column":38}},"15":{"start":{"line":75,"column":6},"end":{"line":75,"column":24}},"16":{"start":{"line":79,"column":2},"end":{"line":134,"column":4}}},"fnMap":{"0":{"name":"(anonymous_0)","decl":{"start":{"line":58,"column":14},"end":{"line":58,"column":15}},"loc":{"start":{"line":58,"column":20},"end":{"line":135,"column":1}},"line":58},"1":{"name":"(anonymous_1)","decl":{"start":{"line":66,"column":23},"end":{"line":66,"column":24}},"loc":{"start":{"line":66,"column":41},"end":{"line":77,"column":3}},"line":66}},"branchMap":{"0":{"loc":{"start":{"line":64,"column":15},"end":{"line":64,"column":52}},"type":"binary-expr","locations":[{"start":{"line":64,"column":15},"end":{"line":64,"column":45}},{"start":{"line":64,"column":49},"end":{"line":64,"column":52}}],"line":64},"1":{"loc":{"start":{"line":71,"column":15},"end":{"line":71,"column":53}},"type":"cond-expr","locations":[{"start":{"line":71,"column":39},"end":{"line":71,"column":47}},{"start":{"line":71,"column":50},"end":{"line":71,"column":53}}],"line":71}},"s":{"0":1,"1":1,"2":1,"3":4,"4":4,"5":4,"6":4,"7":4,"8":4,"9":1,"10":1,"11":1,"12":1,"13":1,"14":0,"15":1,"16":4},"f":{"0":4,"1":1},"b":{"0":[4,0],"1":[0,1]},"_coverageSchema":"1a1c01bbd47fc00a2c39e90264f33305004495a9","hash":"202e8ffc3ee6955f76e3321eb85824adeeaee0e8"}
,"/Users/feifei/Desktop/UI/UI/src/pages/PredictionForm.js": {"path":"/Users/feifei/Desktop/UI/UI/src/pages/PredictionForm.js","statementMap":{"0":{"start":{"line":36,"column":24},"end":{"line":36,"column":34}},"1":{"start":{"line":38,"column":23},"end":{"line":604,"column":1}},"2":{"start":{"line":39,"column":17},"end":{"line":39,"column":31}},"3":{"start":{"line":40,"column":32},"end":{"line":40,"column":47}},"4":{"start":{"line":41,"column":40},"end":{"line":41,"column":54}},"5":{"start":{"line":42,"column":28},"end":{"line":42,"column":42}},"6":{"start":{"line":43,"column":52},"end":{"line":43,"column":64}},"7":{"start":{"line":44,"column":36},"end":{"line":44,"column":53}},"8":{"start":{"line":45,"column":36},"end":{"line":45,"column":51}},"9":{"start":{"line":46,"column":36},"end":{"line":46,"column":48}},"10":{"start":{"line":47,"column":42},"end":{"line":47,"column":54}},"11":{"start":{"line":48,"column":48},"end":{"line":48,"column":63}},"12":{"start":{"line":50,"column":23},"end":{"line":91,"column":3}},"13":{"start":{"line":51,"column":4},"end":{"line":51,"column":21}},"14":{"start":{"line":52,"column":4},"end":{"line":52,"column":19}},"15":{"start":{"line":53,"column":4},"end":{"line":53,"column":25}},"16":{"start":{"line":55,"column":4},"end":{"line":90,"column":5}},"17":{"start":{"line":57,"column":22},"end":{"line":64,"column":7}},"18":{"start":{"line":66,"column":23},"end":{"line":66,"column":63}},"19":{"start":{"line":68,"column":6},"end":{"line":84,"column":7}},"20":{"start":{"line":69,"column":8},"end":{"line":69,"column":45}},"21":{"start":{"line":72,"column":28},"end":{"line":77,"column":9}},"22":{"start":{"line":79,"column":8},"end":{"line":79,"column":73}},"23":{"start":{"line":79,"column":37},"end":{"line":79,"column":71}},"24":{"start":{"line":80,"column":8},"end":{"line":80,"column":34}},"25":{"start":{"line":82,"column":8},"end":{"line":82,"column":49}},"26":{"start":{"line":83,"column":8},"end":{"line":83,"column":30}},"27":{"start":{"line":86,"column":6},"end":{"line":86,"column":41}},"28":{"start":{"line":87,"column":6},"end":{"line":87,"column":31}},"29":{"start":{"line":89,"column":6},"end":{"line":89,"column":24}},"30":{"start":{"line":93,"column":20},"end":{"line":97,"column":3}},"31":{"start":{"line":94,"column":4},"end":{"line":94,"column":23}},"32":{"start":{"line":95,"column":4},"end":{"line":95,"column":25}},"33":{"start":{"line":96,"column":4},"end":{"line":96,"column":19}},"34":{"start":{"line":99,"column":25},"end":{"line":153,"column":3}},"35":{"start":{"line":100,"column":4},"end":{"line":100,"column":32}},"36":{"start":{"line":100,"column":22},"end":{"line":100,"column":32}},"37":{"start":{"line":102,"column":17},"end":{"line":107,"column":5}},"38":{"start":{"line":109,"column":4},"end":{"line":152,"column":6}},"39":{"start":{"line":131,"column":31},"end":{"line":131,"column":40}},"40":{"start":{"line":137,"column":33},"end":{"line":137,"column":43}},"41":{"start":{"line":141,"column":29},"end":{"line":141,"column":73}},"42":{"start":{"line":142,"column":14},"end":{"line":142,"column":46}},"43":{"start":{"line":156,"column":29},"end":{"line":193,"column":3}},"44":{"start":{"line":157,"column":4},"end":{"line":160,"column":5}},"45":{"start":{"line":158,"column":6},"end":{"line":158,"column":30}},"46":{"start":{"line":159,"column":6},"end":{"line":159,"column":13}},"47":{"start":{"line":162,"column":4},"end":{"line":162,"column":29}},"48":{"start":{"line":164,"column":4},"end":{"line":192,"column":5}},"49":{"start":{"line":166,"column":22},"end":{"line":166,"column":24}},"50":{"start":{"line":169,"column":6},"end":{"line":183,"column":7}},"51":{"start":{"line":171,"column":8},"end":{"line":171,"column":62}},"52":{"start":{"line":171,"column":37},"end":{"line":171,"column":60}},"53":{"start":{"line":174,"column":23},"end":{"line":180,"column":9}},"54":{"start":{"line":182,"column":8},"end":{"line":182,"column":29}},"55":{"start":{"line":185,"column":6},"end":{"line":185,"column":31}},"56":{"start":{"line":186,"column":6},"end":{"line":186,"column":58}},"57":{"start":{"line":187,"column":6},"end":{"line":187,"column":30}},"58":{"start":{"line":189,"column":6},"end":{"line":189,"column":47}},"59":{"start":{"line":191,"column":6},"end":{"line":191,"column":32}},"60":{"start":{"line":196,"column":29},"end":{"line":206,"column":3}},"61":{"start":{"line":197,"column":4},"end":{"line":201,"column":5}},"62":{"start":{"line":198,"column":6},"end":{"line":198,"column":26}},"63":{"start":{"line":199,"column":6},"end":{"line":199,"column":23}},"64":{"start":{"line":200,"column":6},"end":{"line":200,"column":13}},"65":{"start":{"line":203,"column":4},"end":{"line":203,"column":23}},"66":{"start":{"line":204,"column":4},"end":{"line":204,"column":23}},"67":{"start":{"line":205,"column":4},"end":{"line":205,"column":55}},"68":{"start":{"line":209,"column":32},"end":{"line":251,"column":3}},"69":{"start":{"line":210,"column":4},"end":{"line":212,"column":5}},"70":{"start":{"line":211,"column":6},"end":{"line":211,"column":16}},"71":{"start":{"line":215,"column":19},"end":{"line":215,"column":34}},"72":{"start":{"line":216,"column":22},"end":{"line":216,"column":41}},"73":{"start":{"line":219,"column":29},"end":{"line":219,"column":79}},"74":{"start":{"line":219,"column":55},"end":{"line":219,"column":78}},"75":{"start":{"line":220,"column":24},"end":{"line":220,"column":75}},"76":{"start":{"line":220,"column":50},"end":{"line":220,"column":74}},"77":{"start":{"line":223,"column":25},"end":{"line":228,"column":7}},"78":{"start":{"line":223,"column":51},"end":{"line":228,"column":5}},"79":{"start":{"line":231,"column":30},"end":{"line":247,"column":6}},"80":{"start":{"line":232,"column":23},"end":{"line":232,"column":49}},"81":{"start":{"line":233,"column":18},"end":{"line":233,"column":26}},"82":{"start":{"line":236,"column":6},"end":{"line":239,"column":54}},"83":{"start":{"line":236,"column":41},"end":{"line":236,"column":56}},"84":{"start":{"line":237,"column":11},"end":{"line":239,"column":54}},"85":{"start":{"line":237,"column":48},"end":{"line":237,"column":63}},"86":{"start":{"line":238,"column":11},"end":{"line":239,"column":54}},"87":{"start":{"line":238,"column":42},"end":{"line":238,"column":56}},"88":{"start":{"line":239,"column":11},"end":{"line":239,"column":54}},"89":{"start":{"line":239,"column":41},"end":{"line":239,"column":54}},"90":{"start":{"line":241,"column":6},"end":{"line":246,"column":8}},"91":{"start":{"line":250,"column":4},"end":{"line":250,"column":51}},"92":{"start":{"line":254,"column":26},"end":{"line":285,"column":3}},"93":{"start":{"line":255,"column":4},"end":{"line":258,"column":5}},"94":{"start":{"line":256,"column":6},"end":{"line":256,"column":32}},"95":{"start":{"line":257,"column":6},"end":{"line":257,"column":13}},"96":{"start":{"line":260,"column":4},"end":{"line":284,"column":5}},"97":{"start":{"line":262,"column":22},"end":{"line":262,"column":60}},"98":{"start":{"line":263,"column":19},"end":{"line":267,"column":7}},"99":{"start":{"line":264,"column":8},"end":{"line":266,"column":19}},"100":{"start":{"line":265,"column":10},"end":{"line":265,"column":81}},"101":{"start":{"line":268,"column":25},"end":{"line":268,"column":54}},"102":{"start":{"line":271,"column":19},"end":{"line":271,"column":78}},"103":{"start":{"line":272,"column":18},"end":{"line":272,"column":43}},"104":{"start":{"line":273,"column":19},"end":{"line":273,"column":46}},"105":{"start":{"line":274,"column":6},"end":{"line":274,"column":37}},"106":{"start":{"line":275,"column":6},"end":{"line":275,"column":93}},"107":{"start":{"line":276,"column":6},"end":{"line":276,"column":39}},"108":{"start":{"line":277,"column":6},"end":{"line":277,"column":38}},"109":{"start":{"line":278,"column":6},"end":{"line":278,"column":19}},"110":{"start":{"line":279,"column":6},"end":{"line":279,"column":38}},"111":{"start":{"line":281,"column":6},"end":{"line":281,"column":33}},"112":{"start":{"line":283,"column":6},"end":{"line":283,"column":45}},"113":{"start":{"line":287,"column":2},"end":{"line":603,"column":4}},"114":{"start":{"line":304,"column":37},"end":{"line":304,"column":56}},"115":{"start":{"line":310,"column":37},"end":{"line":310,"column":55}},"116":{"start":{"line":541,"column":49},"end":{"line":541,"column":54}},"117":{"start":{"line":586,"column":37},"end":{"line":586,"column":58}}},"fnMap":{"0":{"name":"(anonymous_0)","decl":{"start":{"line":38,"column":23},"end":{"line":38,"column":24}},"loc":{"start":{"line":38,"column":29},"end":{"line":604,"column":1}},"line":38},"1":{"name":"(anonymous_1)","decl":{"start":{"line":50,"column":23},"end":{"line":50,"column":24}},"loc":{"start":{"line":50,"column":41},"end":{"line":91,"column":3}},"line":50},"2":{"name":"(anonymous_2)","decl":{"start":{"line":79,"column":29},"end":{"line":79,"column":30}},"loc":{"start":{"line":79,"column":37},"end":{"line":79,"column":71}},"line":79},"3":{"name":"(anonymous_3)","decl":{"start":{"line":93,"column":20},"end":{"line":93,"column":21}},"loc":{"start":{"line":93,"column":26},"end":{"line":97,"column":3}},"line":93},"4":{"name":"(anonymous_4)","decl":{"start":{"line":99,"column":25},"end":{"line":99,"column":26}},"loc":{"start":{"line":99,"column":31},"end":{"line":153,"column":3}},"line":99},"5":{"name":"(anonymous_5)","decl":{"start":{"line":131,"column":23},"end":{"line":131,"column":24}},"loc":{"start":{"line":131,"column":31},"end":{"line":131,"column":40}},"line":131},"6":{"name":"(anonymous_6)","decl":{"start":{"line":137,"column":25},"end":{"line":137,"column":26}},"loc":{"start":{"line":137,"column":33},"end":{"line":137,"column":43}},"line":137},"7":{"name":"(anonymous_7)","decl":{"start":{"line":139,"column":19},"end":{"line":139,"column":20}},"loc":{"start":{"line":139,"column":36},"end":{"line":143,"column":13}},"line":139},"8":{"name":"(anonymous_8)","decl":{"start":{"line":156,"column":29},"end":{"line":156,"column":30}},"loc":{"start":{"line":156,"column":41},"end":{"line":193,"column":3}},"line":156},"9":{"name":"(anonymous_9)","decl":{"start":{"line":171,"column":26},"end":{"line":171,"column":27}},"loc":{"start":{"line":171,"column":37},"end":{"line":171,"column":60}},"line":171},"10":{"name":"(anonymous_10)","decl":{"start":{"line":196,"column":29},"end":{"line":196,"column":30}},"loc":{"start":{"line":196,"column":39},"end":{"line":206,"column":3}},"line":196},"11":{"name":"(anonymous_11)","decl":{"start":{"line":209,"column":32},"end":{"line":209,"column":33}},"loc":{"start":{"line":209,"column":38},"end":{"line":251,"column":3}},"line":209},"12":{"name":"(anonymous_12)","decl":{"start":{"line":219,"column":46},"end":{"line":219,"column":47}},"loc":{"start":{"line":219,"column":55},"end":{"line":219,"column":78}},"line":219},"13":{"name":"(anonymous_13)","decl":{"start":{"line":220,"column":41},"end":{"line":220,"column":42}},"loc":{"start":{"line":220,"column":50},"end":{"line":220,"column":74}},"line":220},"14":{"name":"(anonymous_14)","decl":{"start":{"line":223,"column":41},"end":{"line":223,"column":42}},"loc":{"start":{"line":223,"column":51},"end":{"line":228,"column":5}},"line":223},"15":{"name":"(anonymous_15)","decl":{"start":{"line":231,"column":51},"end":{"line":231,"column":52}},"loc":{"start":{"line":231,"column":60},"end":{"line":247,"column":5}},"line":231},"16":{"name":"(anonymous_16)","decl":{"start":{"line":254,"column":26},"end":{"line":254,"column":27}},"loc":{"start":{"line":254,"column":32},"end":{"line":285,"column":3}},"line":254},"17":{"name":"(anonymous_17)","decl":{"start":{"line":263,"column":36},"end":{"line":263,"column":37}},"loc":{"start":{"line":264,"column":8},"end":{"line":266,"column":19}},"line":264},"18":{"name":"(anonymous_18)","decl":{"start":{"line":264,"column":31},"end":{"line":264,"column":32}},"loc":{"start":{"line":265,"column":10},"end":{"line":265,"column":81}},"line":265},"19":{"name":"(anonymous_19)","decl":{"start":{"line":304,"column":31},"end":{"line":304,"column":32}},"loc":{"start":{"line":304,"column":37},"end":{"line":304,"column":56}},"line":304},"20":{"name":"(anonymous_20)","decl":{"start":{"line":310,"column":31},"end":{"line":310,"column":32}},"loc":{"start":{"line":310,"column":37},"end":{"line":310,"column":55}},"line":310},"21":{"name":"(anonymous_21)","decl":{"start":{"line":541,"column":30},"end":{"line":541,"column":31}},"loc":{"start":{"line":541,"column":49},"end":{"line":541,"column":54}},"line":541},"22":{"name":"(anonymous_22)","decl":{"start":{"line":586,"column":31},"end":{"line":586,"column":32}},"loc":{"start":{"line":586,"column":37},"end":{"line":586,"column":58}},"line":586}},"branchMap":{"0":{"loc":{"start":{"line":68,"column":6},"end":{"line":84,"column":7}},"type":"if","locations":[{"start":{"line":68,"column":6},"end":{"line":84,"column":7}},{"start":{"line":81,"column":13},"end":{"line":84,"column":7}}],"line":68},"1":{"loc":{"start":{"line":82,"column":17},"end":{"line":82,"column":47}},"type":"binary-expr","locations":[{"start":{"line":82,"column":17},"end":{"line":82,"column":31}},{"start":{"line":82,"column":35},"end":{"line":82,"column":47}}],"line":82},"2":{"loc":{"start":{"line":86,"column":15},"end":{"line":86,"column":39}},"type":"binary-expr","locations":[{"start":{"line":86,"column":15},"end":{"line":86,"column":26}},{"start":{"line":86,"column":30},"end":{"line":86,"column":39}}],"line":86},"3":{"loc":{"start":{"line":100,"column":4},"end":{"line":100,"column":32}},"type":"if","locations":[{"start":{"line":100,"column":4},"end":{"line":100,"column":32}},{"start":{},"end":{}}],"line":100},"4":{"loc":{"start":{"line":157,"column":4},"end":{"line":160,"column":5}},"type":"if","locations":[{"start":{"line":157,"column":4},"end":{"line":160,"column":5}},{"start":{},"end":{}}],"line":157},"5":{"loc":{"start":{"line":157,"column":8},"end":{"line":157,"column":44}},"type":"binary-expr","locations":[{"start":{"line":157,"column":8},"end":{"line":157,"column":18}},{"start":{"line":157,"column":22},"end":{"line":157,"column":44}}],"line":157},"6":{"loc":{"start":{"line":197,"column":4},"end":{"line":201,"column":5}},"type":"if","locations":[{"start":{"line":197,"column":4},"end":{"line":201,"column":5}},{"start":{},"end":{}}],"line":197},"7":{"loc":{"start":{"line":197,"column":8},"end":{"line":197,"column":34}},"type":"binary-expr","locations":[{"start":{"line":197,"column":8},"end":{"line":197,"column":13}},{"start":{"line":197,"column":17},"end":{"line":197,"column":34}}],"line":197},"8":{"loc":{"start":{"line":210,"column":4},"end":{"line":212,"column":5}},"type":"if","locations":[{"start":{"line":210,"column":4},"end":{"line":212,"column":5}},{"start":{},"end":{}}],"line":210},"9":{"loc":{"start":{"line":210,"column":8},"end":{"line":210,"column":50}},"type":"binary-expr","locations":[{"start":{"line":210,"column":8},"end":{"line":210,"column":21}},{"start":{"line":210,"column":25},"end":{"line":210,"column":50}}],"line":210},"10":{"loc":{"start":{"line":236,"column":6},"end":{"line":239,"column":54}},"type":"if","locations":[{"start":{"line":236,"column":6},"end":{"line":239,"column":54}},{"start":{"line":237,"column":11},"end":{"line":239,"column":54}}],"line":236},"11":{"loc":{"start":{"line":237,"column":11},"end":{"line":239,"column":54}},"type":"if","locations":[{"start":{"line":237,"column":11},"end":{"line":239,"column":54}},{"start":{"line":238,"column":11},"end":{"line":239,"column":54}}],"line":237},"12":{"loc":{"start":{"line":238,"column":11},"end":{"line":239,"column":54}},"type":"if","locations":[{"start":{"line":238,"column":11},"end":{"line":239,"column":54}},{"start":{"line":239,"column":11},"end":{"line":239,"column":54}}],"line":238},"13":{"loc":{"start":{"line":239,"column":11},"end":{"line":239,"column":54}},"type":"if","locations":[{"start":{"line":239,"column":11},"end":{"line":239,"column":54}},{"start":{},"end":{}}],"line":239},"14":{"loc":{"start":{"line":255,"column":4},"end":{"line":258,"column":5}},"type":"if","locations":[{"start":{"line":255,"column":4},"end":{"line":258,"column":5}},{"start":{},"end":{}}],"line":255},"15":{"loc":{"start":{"line":255,"column":8},"end":{"line":255,"column":50}},"type":"binary-expr","locations":[{"start":{"line":255,"column":8},"end":{"line":255,"column":21}},{"start":{"line":255,"column":25},"end":{"line":255,"column":50}}],"line":255},"16":{"loc":{"start":{"line":265,"column":10},"end":{"line":265,"column":81}},"type":"cond-expr","locations":[{"start":{"line":265,"column":61},"end":{"line":265,"column":73}},{"start":{"line":265,"column":76},"end":{"line":265,"column":81}}],"line":265},"17":{"loc":{"start":{"line":265,"column":10},"end":{"line":265,"column":58}},"type":"binary-expr","locations":[{"start":{"line":265,"column":10},"end":{"line":265,"column":35}},{"start":{"line":265,"column":39},"end":{"line":265,"column":58}}],"line":265},"18":{"loc":{"start":{"line":303,"column":28},"end":{"line":303,"column":62}},"type":"cond-expr","locations":[{"start":{"line":303,"column":41},"end":{"line":303,"column":50}},{"start":{"line":303,"column":53},"end":{"line":303,"column":62}}],"line":303},"19":{"loc":{"start":{"line":309,"column":28},"end":{"line":309,"column":61}},"type":"cond-expr","locations":[{"start":{"line":309,"column":40},"end":{"line":309,"column":49}},{"start":{"line":309,"column":52},"end":{"line":309,"column":61}}],"line":309},"20":{"loc":{"start":{"line":317,"column":17},"end":{"line":496,"column":17}},"type":"cond-expr","locations":[{"start":{"line":319,"column":18},"end":{"line":345,"column":24}},{"start":{"line":348,"column":18},"end":{"line":495,"column":25}}],"line":317},"21":{"loc":{"start":{"line":326,"column":21},"end":{"line":344,"column":21}},"type":"binary-expr","locations":[{"start":{"line":326,"column":21},"end":{"line":326,"column":41}},{"start":{"line":327,"column":22},"end":{"line":343,"column":28}}],"line":326},"22":{"loc":{"start":{"line":520,"column":26},"end":{"line":520,"column":52}},"type":"binary-expr","locations":[{"start":{"line":520,"column":26},"end":{"line":520,"column":33}},{"start":{"line":520,"column":37},"end":{"line":520,"column":52}}],"line":520},"23":{"loc":{"start":{"line":521,"column":13},"end":{"line":598,"column":13}},"type":"cond-expr","locations":[{"start":{"line":523,"column":14},"end":{"line":548,"column":21}},{"start":{"line":551,"column":14},"end":{"line":597,"column":15}}],"line":521},"24":{"loc":{"start":{"line":524,"column":17},"end":{"line":547,"column":17}},"type":"cond-expr","locations":[{"start":{"line":525,"column":18},"end":{"line":544,"column":24}},{"start":{"line":546,"column":18},"end":{"line":546,"column":61}}],"line":524},"25":{"loc":{"start":{"line":551,"column":14},"end":{"line":597,"column":15}},"type":"cond-expr","locations":[{"start":{"line":552,"column":16},"end":{"line":592,"column":23}},{"start":{"line":594,"column":16},"end":{"line":596,"column":23}}],"line":551}},"s":{"0":1,"1":1,"2":0,"3":0,"4":0,"5":0,"6":0,"7":0,"8":0,"9":0,"10":0,"11":0,"12":0,"13":0,"14":0,"15":0,"16":0,"17":0,"18":0,"19":0,"20":0,"21":0,"22":0,"23":0,"24":0,"25":0,"26":0,"27":0,"28":0,"29":0,"30":0,"31":0,"32":0,"33":0,"34":0,"35":0,"36":0,"37":0,"38":0,"39":0,"40":0,"41":0,"42":0,"43":0,"44":0,"45":0,"46":0,"47":0,"48":0,"49":0,"50":0,"51":0,"52":0,"53":0,"54":0,"55":0,"56":0,"57":0,"58":0,"59":0,"60":0,"61":0,"62":0,"63":0,"64":0,"65":0,"66":0,"67":0,"68":0,"69":0,"70":0,"71":0,"72":0,"73":0,"74":0,"75":0,"76":0,"77":0,"78":0,"79":0,"80":0,"81":0,"82":0,"83":0,"84":0,"85":0,"86":0,"87":0,"88":0,"89":0,"90":0,"91":0,"92":0,"93":0,"94":0,"95":0,"96":0,"97":0,"98":0,"99":0,"100":0,"101":0,"102":0,"103":0,"104":0,"105":0,"106":0,"107":0,"108":0,"109":0,"110":0,"111":0,"112":0,"113":0,"114":0,"115":0,"116":0,"117":0},"f":{"0":0,"1":0,"2":0,"3":0,"4":0,"5":0,"6":0,"7":0,"8":0,"9":0,"10":0,"11":0,"12":0,"13":0,"14":0,"15":0,"16":0,"17":0,"18":0,"19":0,"20":0,"21":0,"22":0},"b":{"0":[0,0],"1":[0,0],"2":[0,0],"3":[0,0],"4":[0,0],"5":[0,0],"6":[0,0],"7":[0,0],"8":[0,0],"9":[0,0],"10":[0,0],"11":[0,0],"12":[0,0],"13":[0,0],"14":[0,0],"15":[0,0],"16":[0,0],"17":[0,0],"18":[0,0],"19":[0,0],"20":[0,0],"21":[0,0],"22":[0,0],"23":[0,0],"24":[0,0],"25":[0,0]},"_coverageSchema":"1a1c01bbd47fc00a2c39e90264f33305004495a9","hash":"183fe5e7801633b8939ce1f3234a0bfc5a9cfc4e"}
,"/Users/feifei/Desktop/UI/UI/src/pages/admin/ModelManagement.js": {"path":"/Users/feifei/Desktop/UI/UI/src/pages/admin/ModelManagement.js","statementMap":{"0":{"start":{"line":30,"column":35},"end":{"line":30,"column":45}},"1":{"start":{"line":31,"column":20},"end":{"line":31,"column":24}},"2":{"start":{"line":32,"column":18},"end":{"line":32,"column":26}},"3":{"start":{"line":34,"column":24},"end":{"line":416,"column":1}},"4":{"start":{"line":35,"column":32},"end":{"line":35,"column":46}},"5":{"start":{"line":36,"column":38},"end":{"line":36,"column":50}},"6":{"start":{"line":37,"column":44},"end":{"line":37,"column":56}},"7":{"start":{"line":38,"column":36},"end":{"line":38,"column":56}},"8":{"start":{"line":39,"column":46},"end":{"line":39,"column":60}},"9":{"start":{"line":40,"column":48},"end":{"line":40,"column":63}},"10":{"start":{"line":41,"column":44},"end":{"line":41,"column":59}},"11":{"start":{"line":42,"column":46},"end":{"line":42,"column":61}},"12":{"start":{"line":45,"column":2},"end":{"line":47,"column":9}},"13":{"start":{"line":46,"column":4},"end":{"line":46,"column":23}},"14":{"start":{"line":49,"column":27},"end":{"line":59,"column":3}},"15":{"start":{"line":50,"column":4},"end":{"line":58,"column":5}},"16":{"start":{"line":51,"column":6},"end":{"line":51,"column":23}},"17":{"start":{"line":52,"column":21},"end":{"line":52,"column":49}},"18":{"start":{"line":53,"column":6},"end":{"line":53,"column":48}},"19":{"start":{"line":54,"column":6},"end":{"line":54,"column":24}},"20":{"start":{"line":56,"column":6},"end":{"line":56,"column":32}},"21":{"start":{"line":57,"column":6},"end":{"line":57,"column":24}},"22":{"start":{"line":62,"column":30},"end":{"line":77,"column":3}},"23":{"start":{"line":63,"column":4},"end":{"line":76,"column":5}},"24":{"start":{"line":64,"column":6},"end":{"line":64,"column":31}},"25":{"start":{"line":65,"column":21},"end":{"line":65,"column":53}},"26":{"start":{"line":66,"column":6},"end":{"line":71,"column":7}},"27":{"start":{"line":67,"column":8},"end":{"line":67,"column":41}},"28":{"start":{"line":68,"column":8},"end":{"line":68,"column":34}},"29":{"start":{"line":70,"column":8},"end":{"line":70,"column":32}},"30":{"start":{"line":73,"column":6},"end":{"line":73,"column":32}},"31":{"start":{"line":75,"column":6},"end":{"line":75,"column":32}},"32":{"start":{"line":80,"column":28},"end":{"line":95,"column":3}},"33":{"start":{"line":81,"column":4},"end":{"line":94,"column":5}},"34":{"start":{"line":82,"column":6},"end":{"line":82,"column":35}},"35":{"start":{"line":83,"column":21},"end":{"line":83,"column":52}},"36":{"start":{"line":84,"column":6},"end":{"line":89,"column":7}},"37":{"start":{"line":85,"column":8},"end":{"line":85,"column":69}},"38":{"start":{"line":86,"column":8},"end":{"line":86,"column":27}},"39":{"start":{"line":88,"column":8},"end":{"line":88,"column":67}},"40":{"start":{"line":91,"column":6},"end":{"line":91,"column":34}},"41":{"start":{"line":93,"column":6},"end":{"line":93,"column":30}},"42":{"start":{"line":98,"column":37},"end":{"line":114,"column":3}},"43":{"start":{"line":99,"column":4},"end":{"line":113,"column":5}},"44":{"start":{"line":100,"column":6},"end":{"line":100,"column":29}},"45":{"start":{"line":101,"column":21},"end":{"line":101,"column":60}},"46":{"start":{"line":102,"column":6},"end":{"line":108,"column":7}},"47":{"start":{"line":103,"column":8},"end":{"line":103,"column":37}},"48":{"start":{"line":104,"column":8},"end":{"line":104,"column":27}},"49":{"start":{"line":105,"column":8},"end":{"line":105,"column":33}},"50":{"start":{"line":107,"column":8},"end":{"line":107,"column":52}},"51":{"start":{"line":110,"column":6},"end":{"line":110,"column":32}},"52":{"start":{"line":112,"column":6},"end":{"line":112,"column":30}},"53":{"start":{"line":117,"column":30},"end":{"line":125,"column":3}},"54":{"start":{"line":118,"column":23},"end":{"line":123,"column":5}},"55":{"start":{"line":124,"column":4},"end":{"line":124,"column":46}},"56":{"start":{"line":128,"column":18},"end":{"line":184,"column":3}},"57":{"start":{"line":134,"column":8},"end":{"line":137,"column":16}},"58":{"start":{"line":145,"column":8},"end":{"line":147,"column":14}},"59":{"start":{"line":155,"column":25},"end":{"line":155,"column":50}},"60":{"start":{"line":156,"column":8},"end":{"line":156,"column":74}},"61":{"start":{"line":163,"column":8},"end":{"line":181,"column":16}},"62":{"start":{"line":169,"column":27},"end":{"line":169,"column":56}},"63":{"start":{"line":177,"column":27},"end":{"line":177,"column":50}},"64":{"start":{"line":187,"column":23},"end":{"line":194,"column":3}},"65":{"start":{"line":188,"column":4},"end":{"line":193,"column":8}},"66":{"start":{"line":188,"column":47},"end":{"line":193,"column":5}},"67":{"start":{"line":196,"column":2},"end":{"line":415,"column":4}},"68":{"start":{"line":208,"column":31},"end":{"line":208,"column":49}},"69":{"start":{"line":224,"column":31},"end":{"line":224,"column":54}},"70":{"start":{"line":362,"column":33},"end":{"line":362,"column":56}},"71":{"start":{"line":377,"column":24},"end":{"line":377,"column":48}},"72":{"start":{"line":379,"column":44},"end":{"line":379,"column":68}}},"fnMap":{"0":{"name":"(anonymous_0)","decl":{"start":{"line":34,"column":24},"end":{"line":34,"column":25}},"loc":{"start":{"line":34,"column":30},"end":{"line":416,"column":1}},"line":34},"1":{"name":"(anonymous_1)","decl":{"start":{"line":45,"column":12},"end":{"line":45,"column":13}},"loc":{"start":{"line":45,"column":18},"end":{"line":47,"column":3}},"line":45},"2":{"name":"(anonymous_2)","decl":{"start":{"line":49,"column":27},"end":{"line":49,"column":28}},"loc":{"start":{"line":49,"column":39},"end":{"line":59,"column":3}},"line":49},"3":{"name":"(anonymous_3)","decl":{"start":{"line":62,"column":30},"end":{"line":62,"column":31}},"loc":{"start":{"line":62,"column":42},"end":{"line":77,"column":3}},"line":62},"4":{"name":"(anonymous_4)","decl":{"start":{"line":80,"column":28},"end":{"line":80,"column":29}},"loc":{"start":{"line":80,"column":49},"end":{"line":95,"column":3}},"line":80},"5":{"name":"(anonymous_5)","decl":{"start":{"line":98,"column":37},"end":{"line":98,"column":38}},"loc":{"start":{"line":98,"column":49},"end":{"line":114,"column":3}},"line":98},"6":{"name":"(anonymous_6)","decl":{"start":{"line":117,"column":30},"end":{"line":117,"column":31}},"loc":{"start":{"line":117,"column":45},"end":{"line":125,"column":3}},"line":117},"7":{"name":"(anonymous_7)","decl":{"start":{"line":133,"column":14},"end":{"line":133,"column":15}},"loc":{"start":{"line":134,"column":8},"end":{"line":137,"column":16}},"line":134},"8":{"name":"(anonymous_8)","decl":{"start":{"line":144,"column":14},"end":{"line":144,"column":15}},"loc":{"start":{"line":145,"column":8},"end":{"line":147,"column":14}},"line":145},"9":{"name":"(anonymous_9)","decl":{"start":{"line":154,"column":14},"end":{"line":154,"column":15}},"loc":{"start":{"line":154,"column":32},"end":{"line":157,"column":7}},"line":154},"10":{"name":"(anonymous_10)","decl":{"start":{"line":162,"column":14},"end":{"line":162,"column":15}},"loc":{"start":{"line":163,"column":8},"end":{"line":181,"column":16}},"line":163},"11":{"name":"(anonymous_11)","decl":{"start":{"line":169,"column":21},"end":{"line":169,"column":22}},"loc":{"start":{"line":169,"column":27},"end":{"line":169,"column":56}},"line":169},"12":{"name":"(anonymous_12)","decl":{"start":{"line":177,"column":21},"end":{"line":177,"column":22}},"loc":{"start":{"line":177,"column":27},"end":{"line":177,"column":50}},"line":177},"13":{"name":"(anonymous_13)","decl":{"start":{"line":187,"column":23},"end":{"line":187,"column":24}},"loc":{"start":{"line":187,"column":29},"end":{"line":194,"column":3}},"line":187},"14":{"name":"(anonymous_14)","decl":{"start":{"line":188,"column":39},"end":{"line":188,"column":40}},"loc":{"start":{"line":188,"column":47},"end":{"line":193,"column":5}},"line":188},"15":{"name":"(anonymous_15)","decl":{"start":{"line":208,"column":25},"end":{"line":208,"column":26}},"loc":{"start":{"line":208,"column":31},"end":{"line":208,"column":49}},"line":208},"16":{"name":"(anonymous_16)","decl":{"start":{"line":224,"column":25},"end":{"line":224,"column":26}},"loc":{"start":{"line":224,"column":31},"end":{"line":224,"column":54}},"line":224},"17":{"name":"(anonymous_17)","decl":{"start":{"line":362,"column":27},"end":{"line":362,"column":28}},"loc":{"start":{"line":362,"column":33},"end":{"line":362,"column":56}},"line":362},"18":{"name":"(anonymous_18)","decl":{"start":{"line":377,"column":18},"end":{"line":377,"column":19}},"loc":{"start":{"line":377,"column":24},"end":{"line":377,"column":48}},"line":377},"19":{"name":"(anonymous_19)","decl":{"start":{"line":379,"column":38},"end":{"line":379,"column":39}},"loc":{"start":{"line":379,"column":44},"end":{"line":379,"column":68}},"line":379}},"branchMap":{"0":{"loc":{"start":{"line":53,"column":20},"end":{"line":53,"column":46}},"type":"binary-expr","locations":[{"start":{"line":53,"column":20},"end":{"line":53,"column":40}},{"start":{"line":53,"column":44},"end":{"line":53,"column":46}}],"line":53},"1":{"loc":{"start":{"line":66,"column":6},"end":{"line":71,"column":7}},"type":"if","locations":[{"start":{"line":66,"column":6},"end":{"line":71,"column":7}},{"start":{"line":69,"column":13},"end":{"line":71,"column":7}}],"line":66},"2":{"loc":{"start":{"line":84,"column":6},"end":{"line":89,"column":7}},"type":"if","locations":[{"start":{"line":84,"column":6},"end":{"line":89,"column":7}},{"start":{"line":87,"column":13},"end":{"line":89,"column":7}}],"line":84},"3":{"loc":{"start":{"line":102,"column":6},"end":{"line":108,"column":7}},"type":"if","locations":[{"start":{"line":102,"column":6},"end":{"line":108,"column":7}},{"start":{"line":106,"column":13},"end":{"line":108,"column":7}}],"line":102},"4":{"loc":{"start":{"line":124,"column":11},"end":{"line":124,"column":45}},"type":"binary-expr","locations":[{"start":{"line":124,"column":11},"end":{"line":124,"column":32}},{"start":{"line":124,"column":36},"end":{"line":124,"column":45}}],"line":124},"5":{"loc":{"start":{"line":145,"column":20},"end":{"line":145,"column":48}},"type":"cond-expr","locations":[{"start":{"line":145,"column":29},"end":{"line":145,"column":38}},{"start":{"line":145,"column":41},"end":{"line":145,"column":48}}],"line":145},"6":{"loc":{"start":{"line":146,"column":11},"end":{"line":146,"column":33}},"type":"cond-expr","locations":[{"start":{"line":146,"column":20},"end":{"line":146,"column":25}},{"start":{"line":146,"column":28},"end":{"line":146,"column":33}}],"line":146},"7":{"loc":{"start":{"line":156,"column":15},"end":{"line":156,"column":73}},"type":"cond-expr","locations":[{"start":{"line":156,"column":26},"end":{"line":156,"column":65}},{"start":{"line":156,"column":68},"end":{"line":156,"column":73}}],"line":156},"8":{"loc":{"start":{"line":156,"column":26},"end":{"line":156,"column":65}},"type":"binary-expr","locations":[{"start":{"line":156,"column":26},"end":{"line":156,"column":57}},{"start":{"line":156,"column":61},"end":{"line":156,"column":65}}],"line":156},"9":{"loc":{"start":{"line":192,"column":20},"end":{"line":192,"column":70}},"type":"binary-expr","locations":[{"start":{"line":192,"column":20},"end":{"line":192,"column":62}},{"start":{"line":192,"column":66},"end":{"line":192,"column":70}}],"line":192},"10":{"loc":{"start":{"line":249,"column":32},"end":{"line":249,"column":74}},"type":"cond-expr","locations":[{"start":{"line":249,"column":55},"end":{"line":249,"column":64}},{"start":{"line":249,"column":67},"end":{"line":249,"column":74}}],"line":249},"11":{"loc":{"start":{"line":250,"column":23},"end":{"line":250,"column":59}},"type":"cond-expr","locations":[{"start":{"line":250,"column":46},"end":{"line":250,"column":51}},{"start":{"line":250,"column":54},"end":{"line":250,"column":59}}],"line":250},"12":{"loc":{"start":{"line":260,"column":21},"end":{"line":260,"column":76}},"type":"binary-expr","locations":[{"start":{"line":260,"column":21},"end":{"line":260,"column":68}},{"start":{"line":260,"column":72},"end":{"line":260,"column":76}}],"line":260},"13":{"loc":{"start":{"line":278,"column":32},"end":{"line":278,"column":79}},"type":"cond-expr","locations":[{"start":{"line":278,"column":60},"end":{"line":278,"column":69}},{"start":{"line":278,"column":72},"end":{"line":278,"column":79}}],"line":278},"14":{"loc":{"start":{"line":279,"column":23},"end":{"line":279,"column":64}},"type":"cond-expr","locations":[{"start":{"line":279,"column":51},"end":{"line":279,"column":56}},{"start":{"line":279,"column":59},"end":{"line":279,"column":64}}],"line":279},"15":{"loc":{"start":{"line":289,"column":21},"end":{"line":289,"column":81}},"type":"binary-expr","locations":[{"start":{"line":289,"column":21},"end":{"line":289,"column":73}},{"start":{"line":289,"column":77},"end":{"line":289,"column":81}}],"line":289},"16":{"loc":{"start":{"line":307,"column":32},"end":{"line":307,"column":81}},"type":"cond-expr","locations":[{"start":{"line":307,"column":62},"end":{"line":307,"column":71}},{"start":{"line":307,"column":74},"end":{"line":307,"column":81}}],"line":307},"17":{"loc":{"start":{"line":308,"column":23},"end":{"line":308,"column":66}},"type":"cond-expr","locations":[{"start":{"line":308,"column":53},"end":{"line":308,"column":58}},{"start":{"line":308,"column":61},"end":{"line":308,"column":66}}],"line":308},"18":{"loc":{"start":{"line":318,"column":21},"end":{"line":318,"column":83}},"type":"binary-expr","locations":[{"start":{"line":318,"column":21},"end":{"line":318,"column":75}},{"start":{"line":318,"column":79},"end":{"line":318,"column":83}}],"line":318},"19":{"loc":{"start":{"line":336,"column":32},"end":{"line":336,"column":75}},"type":"cond-expr","locations":[{"start":{"line":336,"column":56},"end":{"line":336,"column":65}},{"start":{"line":336,"column":68},"end":{"line":336,"column":75}}],"line":336},"20":{"loc":{"start":{"line":337,"column":23},"end":{"line":337,"column":60}},"type":"cond-expr","locations":[{"start":{"line":337,"column":47},"end":{"line":337,"column":52}},{"start":{"line":337,"column":55},"end":{"line":337,"column":60}}],"line":337},"21":{"loc":{"start":{"line":347,"column":21},"end":{"line":347,"column":77}},"type":"binary-expr","locations":[{"start":{"line":347,"column":21},"end":{"line":347,"column":69}},{"start":{"line":347,"column":73},"end":{"line":347,"column":77}}],"line":347},"22":{"loc":{"start":{"line":406,"column":11},"end":{"line":411,"column":11}},"type":"binary-expr","locations":[{"start":{"line":406,"column":11},"end":{"line":406,"column":24}},{"start":{"line":407,"column":12},"end":{"line":410,"column":18}}],"line":406}},"s":{"0":1,"1":1,"2":1,"3":1,"4":0,"5":0,"6":0,"7":0,"8":0,"9":0,"10":0,"11":0,"12":0,"13":0,"14":0,"15":0,"16":0,"17":0,"18":0,"19":0,"20":0,"21":0,"22":0,"23":0,"24":0,"25":0,"26":0,"27":0,"28":0,"29":0,"30":0,"31":0,"32":0,"33":0,"34":0,"35":0,"36":0,"37":0,"38":0,"39":0,"40":0,"41":0,"42":0,"43":0,"44":0,"45":0,"46":0,"47":0,"48":0,"49":0,"50":0,"51":0,"52":0,"53":0,"54":0,"55":0,"56":0,"57":0,"58":0,"59":0,"60":0,"61":0,"62":0,"63":0,"64":0,"65":0,"66":0,"67":0,"68":0,"69":0,"70":0,"71":0,"72":0},"f":{"0":0,"1":0,"2":0,"3":0,"4":0,"5":0,"6":0,"7":0,"8":0,"9":0,"10":0,"11":0,"12":0,"13":0,"14":0,"15":0,"16":0,"17":0,"18":0,"19":0},"b":{"0":[0,0],"1":[0,0],"2":[0,0],"3":[0,0],"4":[0,0],"5":[0,0],"6":[0,0],"7":[0,0],"8":[0,0],"9":[0,0],"10":[0,0],"11":[0,0],"12":[0,0],"13":[0,0],"14":[0,0],"15":[0,0],"16":[0,0],"17":[0,0],"18":[0,0],"19":[0,0],"20":[0,0],"21":[0,0],"22":[0,0]},"_coverageSchema":"1a1c01bbd47fc00a2c39e90264f33305004495a9","hash":"c5833a6fb175a0dc942cefdbe1fba0d8181ca8fd"}
,"/Users/feifei/Desktop/UI/UI/src/pages/admin/UserManagement.js": {"path":"/Users/feifei/Desktop/UI/UI/src/pages/admin/UserManagement.js","statementMap":{"0":{"start":{"line":36,"column":24},"end":{"line":36,"column":34}},"1":{"start":{"line":37,"column":19},"end":{"line":37,"column":25}},"2":{"start":{"line":40,"column":18},"end":{"line":46,"column":1}},"3":{"start":{"line":48,"column":23},"end":{"line":455,"column":1}},"4":{"start":{"line":49,"column":32},"end":{"line":49,"column":46}},"5":{"start":{"line":50,"column":28},"end":{"line":50,"column":40}},"6":{"start":{"line":51,"column":42},"end":{"line":51,"column":57}},"7":{"start":{"line":52,"column":38},"end":{"line":52,"column":50}},"8":{"start":{"line":53,"column":44},"end":{"line":53,"column":59}},"9":{"start":{"line":54,"column":40},"end":{"line":54,"column":54}},"10":{"start":{"line":55,"column":17},"end":{"line":55,"column":31}},"11":{"start":{"line":56,"column":36},"end":{"line":56,"column":50}},"12":{"start":{"line":57,"column":38},"end":{"line":57,"column":50}},"13":{"start":{"line":60,"column":2},"end":{"line":66,"column":9}},"14":{"start":{"line":62,"column":4},"end":{"line":65,"column":13}},"15":{"start":{"line":63,"column":6},"end":{"line":63,"column":26}},"16":{"start":{"line":64,"column":6},"end":{"line":64,"column":24}},"17":{"start":{"line":69,"column":26},"end":{"line":74,"column":3}},"18":{"start":{"line":70,"column":4},"end":{"line":70,"column":27}},"19":{"start":{"line":71,"column":4},"end":{"line":71,"column":23}},"20":{"start":{"line":72,"column":4},"end":{"line":72,"column":23}},"21":{"start":{"line":73,"column":4},"end":{"line":73,"column":26}},"22":{"start":{"line":77,"column":24},"end":{"line":90,"column":3}},"23":{"start":{"line":78,"column":4},"end":{"line":78,"column":26}},"24":{"start":{"line":79,"column":4},"end":{"line":79,"column":26}},"25":{"start":{"line":80,"column":4},"end":{"line":88,"column":7}},"26":{"start":{"line":89,"column":4},"end":{"line":89,"column":26}},"27":{"start":{"line":93,"column":28},"end":{"line":115,"column":3}},"28":{"start":{"line":94,"column":4},"end":{"line":114,"column":7}},"29":{"start":{"line":96,"column":6},"end":{"line":112,"column":7}},"30":{"start":{"line":98,"column":29},"end":{"line":100,"column":9}},"31":{"start":{"line":99,"column":10},"end":{"line":99,"column":63}},"32":{"start":{"line":101,"column":8},"end":{"line":101,"column":31}},"33":{"start":{"line":102,"column":8},"end":{"line":102,"column":33}},"34":{"start":{"line":105,"column":24},"end":{"line":109,"column":9}},"35":{"start":{"line":106,"column":41},"end":{"line":106,"column":45}},"36":{"start":{"line":110,"column":8},"end":{"line":110,"column":38}},"37":{"start":{"line":111,"column":8},"end":{"line":111,"column":33}},"38":{"start":{"line":113,"column":6},"end":{"line":113,"column":29}},"39":{"start":{"line":118,"column":23},"end":{"line":122,"column":3}},"40":{"start":{"line":120,"column":4},"end":{"line":120,"column":55}},"41":{"start":{"line":120,"column":34},"end":{"line":120,"column":52}},"42":{"start":{"line":121,"column":4},"end":{"line":121,"column":29}},"43":{"start":{"line":125,"column":25},"end":{"line":128,"column":3}},"44":{"start":{"line":126,"column":4},"end":{"line":126,"column":25}},"45":{"start":{"line":127,"column":4},"end":{"line":127,"column":27}},"46":{"start":{"line":131,"column":24},"end":{"line":135,"column":3}},"47":{"start":{"line":132,"column":4},"end":{"line":134,"column":68}},"48":{"start":{"line":138,"column":18},"end":{"line":219,"column":3}},"49":{"start":{"line":144,"column":8},"end":{"line":150,"column":16}},"50":{"start":{"line":149,"column":28},"end":{"line":149,"column":50}},"51":{"st
[...]
mn":56}},"60":{"start":{"line":296,"column":24},"end":{"line":296,"column":46}},"61":{"start":{"line":374,"column":38},"end":{"line":381,"column":15}},"62":{"start":{"line":376,"column":18},"end":{"line":378,"column":19}},"63":{"start":{"line":377,"column":20},"end":{"line":377,"column":45}},"64":{"start":{"line":379,"column":18},"end":{"line":379,"column":65}},"65":{"start":{"line":394,"column":23},"end":{"line":394,"column":46}},"66":{"start":{"line":437,"column":18},"end":{"line":437,"column":42}},"67":{"start":{"line":438,"column":18},"end":{"line":438,"column":45}},"68":{"start":{"line":445,"column":31},"end":{"line":445,"column":56}}},"fnMap":{"0":{"name":"(anonymous_0)","decl":{"start":{"line":48,"column":23},"end":{"line":48,"column":24}},"loc":{"start":{"line":48,"column":29},"end":{"line":455,"column":1}},"line":48},"1":{"name":"(anonymous_1)","decl":{"start":{"line":60,"column":12},"end":{"line":60,"column":13}},"loc":{"start":{"line":60,"column":18},"end":{"line":66,"column":3}},"line":60},"2":{"name":"(anonymous_2)","decl":{"start":{"line":62,"column":15},"end":{"line":62,"column":16}},"loc":{"start":{"line":62,"column":21},"end":{"line":65,"column":5}},"line":62},"3":{"name":"(anonymous_3)","decl":{"start":{"line":69,"column":26},"end":{"line":69,"column":27}},"loc":{"start":{"line":69,"column":32},"end":{"line":74,"column":3}},"line":69},"4":{"name":"(anonymous_4)","decl":{"start":{"line":77,"column":24},"end":{"line":77,"column":25}},"loc":{"start":{"line":77,"column":34},"end":{"line":90,"column":3}},"line":77},"5":{"name":"(anonymous_5)","decl":{"start":{"line":93,"column":28},"end":{"line":93,"column":29}},"loc":{"start":{"line":93,"column":34},"end":{"line":115,"column":3}},"line":93},"6":{"name":"(anonymous_6)","decl":{"start":{"line":94,"column":31},"end":{"line":94,"column":32}},"loc":{"start":{"line":94,"column":41},"end":{"line":114,"column":5}},"line":94},"7":{"name":"(anonymous_7)","decl":{"start":{"line":98,"column":39},"end":{"line":98,"column":40}},"loc":{"start":{"line":99,"column":10},"end":{"line":99,"column":63}},"line":99},"8":{"name":"(anonymous_8)","decl":{"start":{"line":106,"column":36},"end":{"line":106,"column":37}},"loc":{"start":{"line":106,"column":41},"end":{"line":106,"column":45}},"line":106},"9":{"name":"(anonymous_9)","decl":{"start":{"line":118,"column":23},"end":{"line":118,"column":24}},"loc":{"start":{"line":118,"column":35},"end":{"line":122,"column":3}},"line":118},"10":{"name":"(anonymous_10)","decl":{"start":{"line":120,"column":26},"end":{"line":120,"column":27}},"loc":{"start":{"line":120,"column":34},"end":{"line":120,"column":52}},"line":120},"11":{"name":"(anonymous_11)","decl":{"start":{"line":125,"column":25},"end":{"line":125,"column":26}},"loc":{"start":{"line":125,"column":35},"end":{"line":128,"column":3}},"line":125},"12":{"name":"(anonymous_12)","decl":{"start":{"line":131,"column":37},"end":{"line":131,"column":38}},"loc":{"start":{"line":132,"column":4},"end":{"line":134,"column":68}},"line":132},"13":{"name":"(anonymous_13)","decl":{"start":{"line":143,"column":14},"end":{"line":143,"column":15}},"loc":{"start":{"line":144,"column":8},"end":{"line":150,"column":16}},"line":144},"14":{"name":"(anonymous_14)","decl":{"start":{"line":149,"column":22},"end":{"line":149,"column":23}},"loc":{"start":{"line":149,"column":28},"end":{"line":149,"column":50}},"line":149},"15":{"name":"(anonymous_15)","decl":{"start":{"line":162,"column":14},"end":{"line":162,"column":15}},"loc":{"start":{"line":163,"column":8},"end":{"line":165,"column":14}},"line":163},"16":{"name":"(anonymous_16)","decl":{"start":{"line":177,"column":14},"end":{"line":177,"column":15}},"loc":{"start":{"line":178,"column":8},"end":{"line":181,"column":10}},"line":178},"17":{"name":"(anonymous_17)","decl":{"start":{"line":192,"column":14},"end":{"line":192,"column":15}},"loc":{"start":{"line":193,"column":8},"end":{"line":216,"column":16}},"line":193},"18":{"name":"(anonymous_18)","decl":{"start":{"line":197,"column":21},"end":{"line":197,"column":22}},"loc":{"start":{"line":197,"column":27},"end":{"line":197,"column":48}},"line":197},"19":{"name":"(anonymous_19)","decl":{"start":{"line":203,"column":23},"end":{"line":203,"column":24}},"loc":{"start":{"line":203,"column":29},"end":{"line":203,"column":52}},"line":203},"20":{"name":"(anonymous_20)","decl":{"start":{"line":240,"column":34},"end":{"line":240,"column":35}},"loc":{"start":{"line":240,"column":39},"end":{"line":240,"column":60}},"line":240},"21":{"name":"(anonymous_21)","decl":{"start":{"line":250,"column":34},"end":{"line":250,"column":35}},"loc":{"start":{"line":250,"column":39},"end":{"line":250,"column":57}},"line":250},"22":{"name":"(anonymous_22)","decl":{"start":{"line":275,"column":22},"end":{"line":275,"column":23}},"loc":{"start":{"line":275,"column":27},"end":{"line":275,"column":56}},"line":275},"23":{"name":"(anonymous_23)","decl":{"start":{"line":296,"column":18},"end":{"line":296,"column":19}},"loc":{"start":{"line":296,"column":24},"end":{"line":296,"column":46}},"line":296},"24":{"name":"(anonymous_24)","decl":{"start":{"line":374,"column":14},"end":{"line":374,"column":15}},"loc":{"start":{"line":374,"column":38},"end":{"line":381,"column":15}},"line":374},"25":{"name":"(anonymous_25)","decl":{"start":{"line":375,"column":16},"end":{"line":375,"column":17}},"loc":{"start":{"line":375,"column":36},"end":{"line":380,"column":17}},"line":375},"26":{"name":"(anonymous_26)","decl":{"start":{"line":394,"column":17},"end":{"line":394,"column":18}},"loc":{"start":{"line":394,"column":23},"end":{"line":394,"column":46}},"line":394},"27":{"name":"(anonymous_27)","decl":{"start":{"line":436,"column":25},"end":{"line":436,"column":26}},"loc":{"start":{"line":436,"column":31},"end":{"line":439,"column":17}},"line":436},"28":{"name":"(anonymous_28)","decl":{"start":{"line":445,"column":25},"end":{"line":445,"column":26}},"loc":{"start":{"line":445,"column":31},"end":{"line":445,"column":56}},"line":445}},"branchMap":{"0":{"loc":{"start":{"line":96,"column":6},"end":{"line":112,"column":7}},"type":"if","locations":[{"start":{"line":96,"column":6},"end":{"line":112,"column":7}},{"start":{"line":103,"column":13},"end":{"line":112,"column":7}}],"line":96},"1":{"loc":{"start":{"line":99,"column":10},"end":{"line":99,"column":63}},"type":"cond-expr","locations":[{"start":{"line":99,"column":34},"end":{"line":99,"column":56}},{"start":{"line":99,"column":59},"end":{"line":99,"column":63}}],"line":99},"2":{"loc":{"start":{"line":132,"column":4},"end":{"line":134,"column":68}},"type":"binary-expr","locations":[{"start":{"line":132,"column":4},"end":{"line":132,"column":66}},{"start":{"line":133,"column":4},"end":{"line":133,"column":62}},{"start":{"line":134,"column":4},"end":{"line":134,"column":68}}],"line":132},"3":{"loc":{"start":{"line":146,"column":38},"end":{"line":146,"column":85}},"type":"cond-expr","locations":[{"start":{"line":146,"column":64},"end":{"line":146,"column":73}},{"start":{"line":146,"column":76},"end":{"line":146,"column":85}}],"line":146},"4":{"loc":{"start":{"line":163,"column":20},"end":{"line":163,"column":53}},"type":"cond-expr","locations":[{"start":{"line":163,"column":39},"end":{"line":163,"column":44}},{"start":{"line":163,"column":47},"end":{"line":163,"column":53}}],"line":163},"5":{"loc":{"start":{"line":164,"column":11},"end":{"line":164,"column":44}},"type":"cond-expr","locations":[{"start":{"line":164,"column":30},"end":{"line":164,"column":35}},{"start":{"line":164,"column":38},"end":{"line":164,"column":44}}],"line":164},"6":{"loc":{"start":{"line":179,"column":18},"end":{"line":179,"column":61}},"type":"cond-expr","locations":[{"start":{"line":179,"column":40},"end":{"line":179,"column":49}},{"start":{"line":179,"column":52},"end":{"line":179,"column":61}}],"line":179},"7":{"loc":{"start":{"line":180,"column":16},"end":{"line":180,"column":49}},"type":"cond-expr","locations":[{"start":{"line":180,"column":38},"end":{"line":180,"column":42}},{"start":{"line":180,"column":45},"end":{"line":180,"column":49}}],"line":180},"8":{"loc":{"start":{"line":376,"column":18},"end":{"line":378,"column":19}},"type":"if","locations":[{"start":{"line":376,"column":18},"end":{"line":378,"column":19}},{"start":{},"end":{}}],"line":376},"9":{"loc":{"start":{"line":376,"column":22},"end":{"line":376,"column":67}},"type":"binary-expr","locations":[{"start":{"line":376,"column":22},"end":{"line":376,"column":28}},{"start":{"line":376,"column":32},"end":{"line":376,"column":67}}],"line":376},"10":{"loc":{"start":{"line":398,"column":9},"end":{"line":451,"column":9}},"type":"binary-expr","locations":[{"start":{"line":398,"column":9},"end":{"line":398,"column":20}},{"start":{"line":399,"column":10},"end":{"line":450,"column":16}}],"line":398},"11":{"loc":{"start":{"line":404,"column":42},"end":{"line":404,"column":94}},"type":"cond-expr","locations":[{"start":{"line":404,"column":73},"end":{"line":404,"column":82}},{"start":{"line":404,"column":85},"end":{"line":404,"column":94}}],"line":404},"12":{"loc":{"start":{"line":411,"column":26},"end":{"line":411,"column":71}},"type":"cond-expr","locations":[{"start":{"line":411,"column":57},"end":{"line":411,"column":62}},{"start":{"line":411,"column":65},"end":{"line":411,"column":71}}],"line":411},"13":{"loc":{"start":{"line":412,"column":17},"end":{"line":412,"column":62}},"type":"cond-expr","locations":[{"start":{"line":412,"column":48},"end":{"line":412,"column":53}},{"start":{"line":412,"column":56},"end":{"line":412,"column":62}}],"line":412},"14":{"loc":{"start":{"line":422,"column":26},"end":{"line":422,"column":81}},"type":"cond-expr","locations":[{"start":{"line":422,"column":60},"end":{"line":422,"column":69}},{"start":{"line":422,"column":72},"end":{"line":422,"column":81}}],"line":422},"15":{"loc":{"start":{"line":423,"column":24},"end":{"line":423,"column":69}},"type":"cond-expr","locations":[{"start":{"line":423,"column":58},"end":{"line":423,"column":62}},{"start":{"line":423,"column":65},"end":{"line":423,"column":69}}],"line":423}},"s":{"0":1,"1":1,"2":1,"3":1,"4":0,"5":0,"6":0,"7":0,"8":0,"9":0,"10":0,"11":0,"12":0,"13":0,"14":0,"15":0,"16":0,"17":0,"18":0,"19":0,"20":0,"21":0,"22":0,"23":0,"24":0,"25":0,"26":0,"27":0,"28":0,"29":0,"30":0,"31":0,"32":0,"33":0,"34":0,"35":0,"36":0,"37":0,"38":0,"39":0,"40":0,"41":0,"42":0,"43":0,"44":0,"45":0,"46":0,"47":0,"48":0,"49":0,"50":0,"51":0,"52":0,"53":0,"54":0,"55":0,"56":0,"57":0,"58":0,"59":0,"60":0,"61":0,"62":0,"63":0,"64":0,"65":0,"66":0,"67":0,"68":0},"f":{"0":0,"1":0,"2":0,"3":0,"4":0,"5":0,"6":0,"7":0,"8":0,"9":0,"10":0,"11":0,"12":0,"13":0,"14":0,"15":0,"16":0,"17":0,"18":0,"19":0,"20":0,"21":0,"22":0,"23":0,"24":0,"25":0,"26":0,"27":0,"28":0},"b":{"0":[0,0],"1":[0,0],"2":[0,0,0],"3":[0,0],"4":[0,0],"5":[0,0],"6":[0,0],"7":[0,0],"8":[0,0],"9":[0,0],"10":[0,0],"11":[0,0],"12":[0,0],"13":[0,0],"14":[0,0],"15":[0,0]},"_coverageSchema":"1a1c01bbd47fc00a2c39e90264f33305004495a9","hash":"11942f7edb5951fe6f7b044911dcd47545561eab"}
,"/Users/feifei/Desktop/UI/UI/src/services/api.js": {"path":"/Users/feifei/Desktop/UI/UI/src/services/api.js","statementMap":{"0":{"start":{"line":3,"column":16},"end":{"line":3,"column":22}},"1":{"start":{"line":6,"column":18},"end":{"line":11,"column":2}},"2":{"start":{"line":14,"column":19},"end":{"line":67,"column":1}},"3":{"start":{"line":17,"column":4},"end":{"line":23,"column":5}},"4":{"start":{"line":18,"column":23},"end":{"line":18,"column":53}},"5":{"start":{"line":19,"column":6},"end":{"line":19,"column":27}},"6":{"start":{"line":21,"column":6},"end":{"line":21,"column":60}},"7":{"start":{"line":22,"column":6},"end":{"line":22,"column":18}},"8":{"start":{"line":28,"column":4},"end":{"line":34,"column":5}},"9":{"start":{"line":29,"column":23},"end":{"line":29,"column":61}},"10":{"start":{"line":30,"column":6},"end":{"line":30,"column":27}},"11":{"start":{"line":32,"column":6},"end":{"line":32,"column":55}},"12":{"start":{"line":33,"column":6},"end":{"line":33,"column":18}},"13":{"start":{"line":39,"column":4},"end":{"line":45,"column":5}},"14":{"start":{"line":40,"column":23},"end":{"line":40,"column":61}},"15":{"start":{"line":41,"column":6},"end":{"line":41,"column":27}},"16":{"start":{"line":43,"column":6},"end":{"line":43,"column":54}},"17":{"start":{"line":44,"column":6},"end":{"line":44,"column":18}},"18":{"start":{"line":49,"column":4},"end":{"line":55,"column":5}},"19":{"start":{"line":50,"column":23},"end":{"line":50,"column":61}},"20":{"start":{"line":51,"column":6},"end":{"line":51,"column":27}},"21":{"start":{"line":53,"column":6},"end":{"line":53,"column":54}},"22":{"start":{"line":54,"column":6},"end":{"line":54,"column":18}},"23":{"start":{"line":59,"column":4},"end":{"line":65,"column":5}},"24":{"start":{"line":60,"column":23},"end":{"line":60,"column":70}},"25":{"start":{"line":61,"column":6},"end":{"line":61,"column":27}},"26":{"start":{"line":63,"column":6},"end":{"line":63,"column":63}},"27":{"start":{"line":64,"column":6},"end":{"line":64,"column":18}}},"fnMap":{"0":{"name":"(anonymous_0)","decl":{"start":{"line":16,"column":13},"end":{"line":16,"column":14}},"loc":{"start":{"line":16,"column":25},"end":{"line":24,"column":3}},"line":16},"1":{"name":"(anonymous_1)","decl":{"start":{"line":27,"column":18},"end":{"line":27,"column":19}},"loc":{"start":{"line":27,"column":34},"end":{"line":35,"column":3}},"line":27},"2":{"name":"(anonymous_2)","decl":{"start":{"line":38,"column":16},"end":{"line":38,"column":17}},"loc":{"start":{"line":38,"column":28},"end":{"line":46,"column":3}},"line":38},"3":{"name":"(anonymous_3)","decl":{"start":{"line":48,"column":17},"end":{"line":48,"column":18}},"loc":{"start":{"line":48,"column":29},"end":{"line":56,"column":3}},"line":48},"4":{"name":"(anonymous_4)","decl":{"start":{"line":58,"column":24},"end":{"line":58,"column":25}},"loc":{"start":{"line":58,"column":36},"end":{"line":66,"column":3}},"line":58}},"branchMap":{},"s":{"0":1,"1":1,"2":1,"3":0,"4":0,"5":0,"6":0,"7":0,"8":0,"9":0,"10":0,"11":0,"12":0,"13":0,"14":0,"15":0,"16":0,"17":0,"18":0,"19":0,"20":0,"21":0,"22":0,"23":0,"24":0,"25":0,"26":0,"27":0},"f":{"0":0,"1":0,"2":0,"3":0,"4":0},"b":{},"_coverageSchema":"1a1c01bbd47fc00a2c39e90264f33305004495a9","hash":"a952ca3c7c8f0b2d911d9798cae843c569442624"}
,"/Users/feifei/Desktop/UI/UI/src/utils/authContext.js": {"path":"/Users/feifei/Desktop/UI/UI/src/utils/authContext.js","statementMap":{"0":{"start":{"line":4,"column":20},"end":{"line":4,"column":35}},"1":{"start":{"line":7,"column":23},"end":{"line":7,"column":52}},"2":{"start":{"line":7,"column":29},"end":{"line":7,"column":52}},"3":{"start":{"line":10,"column":28},"end":{"line":86,"column":1}},"4":{"start":{"line":11,"column":48},"end":{"line":11,"column":63}},"5":{"start":{"line":12,"column":34},"end":{"line":12,"column":48}},"6":{"start":{"line":13,"column":34},"end":{"line":13,"column":46}},"7":{"start":{"line":14,"column":32},"end":{"line":14,"column":46}},"8":{"start":{"line":17,"column":2},"end":{"line":30,"column":9}},"9":{"start":{"line":18,"column":22},"end":{"line":27,"column":5}},"10":{"start":{"line":19,"column":25},"end":{"line":19,"column":53}},"11":{"start":{"line":20,"column":6},"end":{"line":25,"column":7}},"12":{"start":{"line":21,"column":21},"end":{"line":21,"column":43}},"13":{"start":{"line":22,"column":8},"end":{"line":22,"column":33}},"14":{"start":{"line":23,"column":8},"end":{"line":23,"column":31}},"15":{"start":{"line":24,"column":8},"end":{"line":24,"column":31}},"16":{"start":{"line":26,"column":6},"end":{"line":26,"column":24}},"17":{"start":{"line":29,"column":4},"end":{"line":29,"column":16}},"18":{"start":{"line":33,"column":16},"end":{"line":61,"column":3}},"19":{"start":{"line":35,"column":4},"end":{"line":60,"column":7}},"20":{"start":{"line":36,"column":6},"end":{"line":59,"column":7}},"21":{"start":{"line":38,"column":8},"end":{"line":56,"column":9}},"22":{"start":{"line":39,"column":23},"end":{"line":39,"column":77}},"23":{"start":{"line":40,"column":23},"end":{"line":43,"column":11}},"24":{"start":{"line":46,"column":10},"end":{"line":46,"column":61}},"25":{"start":{"line":49,"column":10},"end":{"line":49,"column":35}},"26":{"start":{"line":50,"column":10},"end":{"line":50,"column":28}},"27":{"start":{"line":51,"column":10},"end":{"line":51,"column":41}},"28":{"start":{"line":53,"column":10},"end":{"line":53,"column":24}},"29":{"start":{"line":55,"column":10},"end":{"line":55,"column":51}},"30":{"start":{"line":58,"column":8},"end":{"line":58,"column":22}},"31":{"start":{"line":64,"column":17},"end":{"line":69,"column":3}},"32":{"start":{"line":65,"column":4},"end":{"line":65,"column":36}},"33":{"start":{"line":66,"column":4},"end":{"line":66,"column":30}},"34":{"start":{"line":67,"column":4},"end":{"line":67,"column":22}},"35":{"start":{"line":68,"column":4},"end":{"line":68,"column":20}},"36":{"start":{"line":72,"column":16},"end":{"line":79,"column":3}},"37":{"start":{"line":81,"column":2},"end":{"line":85,"column":4}}},"fnMap":{"0":{"name":"(anonymous_0)","decl":{"start":{"line":7,"column":23},"end":{"line":7,"column":24}},"loc":{"start":{"line":7,"column":29},"end":{"line":7,"column":52}},"line":7},"1":{"name":"(anonymous_1)","decl":{"start":{"line":10,"column":28},"end":{"line":10,"column":29}},"loc":{"start":{"line":10,"column":46},"end":{"line":86,"column":1}},"line":10},"2":{"name":"(anonymous_2)","decl":{"start":{"line":17,"column":12},"end":{"line":17,"column":13}},"loc":{"start":{"line":17,"column":18},"end":{"line":30,"column":3}},"line":17},"3":{"name":"(anonymous_3)","decl":{"start":{"line":18,"column":22},"end":{"line":18,"column":23}},"loc":{"start":{"line":18,"column":28},"end":{"line":27,"column":5}},"line":18},"4":{"name":"(anonymous_4)","decl":{"start":{"line":33,"column":16},"end":{"line":33,"column":17}},"loc":{"start":{"line":33,"column":30},"end":{"line":61,"column":3}},"line":33},"5":{"name":"(anonymous_5)","decl":{"start":{"line":35,"column":23},"end":{"line":35,"column":24}},"loc":{"start":{"line":35,"column":44},"end":{"line":60,"column":5}},"line":35},"6":{"name":"(anonymous_6)","decl":{"start":{"line":64,"column":17},"end":{"line":64,"column":18}},"loc":{"start":{"line":64,"column":23},"end":{"line":69,"column":3}},"line":64}},"branchMap":{"0":{"loc":{"start":{"line":20,"column":6},"end":{"line":25,"column":7}},"type":"if","locations":[{"start":{"line":20,"column":6},"end":{"line":25,"column":7}},{"start":{},"end":{}}],"line":20},"1":{"loc":{"start":{"line":38,"column":8},"end":{"line":56,"column":9}},"type":"if","locations":[{"start":{"line":38,"column":8},"end":{"line":56,"column":9}},{"start":{"line":54,"column":15},"end":{"line":56,"column":9}}],"line":38},"2":{"loc":{"start":{"line":38,"column":12},"end":{"line":38,"column":50}},"type":"binary-expr","locations":[{"start":{"line":38,"column":12},"end":{"line":38,"column":29}},{"start":{"line":38,"column":33},"end":{"line":38,"column":50}}],"line":38},"3":{"loc":{"start":{"line":39,"column":23},"end":{"line":39,"column":77}},"type":"cond-expr","locations":[{"start":{"line":39,"column":61},"end":{"line":39,"column":68}},{"start":{"line":39,"column":71},"end":{"line":39,"column":77}}],"line":39},"4":{"loc":{"start":{"line":83,"column":7},"end":{"line":83,"column":27}},"type":"binary-expr","locations":[{"start":{"line":83,"column":7},"end":{"line":83,"column":15}},{"start":{"line":83,"column":19},"end":{"line":83,"column":27}}],"line":83}},"s":{"0":3,"1":3,"2":11,"3":3,"4":26,"5":26,"6":26,"7":26,"8":26,"9":11,"10":11,"11":11,"12":1,"13":1,"14":1,"15":1,"16":11,"17":11,"18":26,"19":3,"20":3,"21":3,"22":3,"23":3,"24":3,"25":3,"26":3,"27":3,"28":3,"29":0,"30":0,"31":26,"32":1,"33":1,"34":1,"35":1,"36":26,"37":26},"f":{"0":11,"1":26,"2":11,"3":11,"4":3,"5":3,"6":1},"b":{"0":[1,10],"1":[3,0],"2":[3,3],"3":[0,3],"4":[26,15]},"_coverageSchema":"1a1c01bbd47fc00a2c39e90264f33305004495a9","hash":"e59854f3668219a01cc69dc173386b14f7b3b5c9"}
}
