TN:
SF:src/App.js
FN:21,(anonymous_0)
FN:36,(anonymous_1)
FNF:2
FNH:2
FNDA:1,(anonymous_0)
FNDA:4,(anonymous_1)
DA:21,1
DA:22,1
DA:23,1
DA:25,1
DA:26,1
DA:29,0
DA:30,0
DA:33,0
DA:36,1
DA:37,4
LF:10
LH:7
BRDA:25,0,0,1
BRDA:25,0,1,0
BRDA:29,1,0,0
BRDA:29,1,1,0
BRDA:29,2,0,0
BRDA:29,2,1,0
BRF:6
BRH:1
end_of_record
TN:
SF:src/components/FileUploader.js
FN:14,(anonymous_0)
FN:19,(anonymous_1)
FN:32,(anonymous_2)
FN:50,(anonymous_3)
FN:65,(anonymous_4)
FN:74,(anonymous_5)
FNF:6
FNH:0
FNDA:0,(anonymous_0)
FNDA:0,(anonymous_1)
FNDA:0,(anonymous_2)
FNDA:0,(anonymous_3)
FNDA:0,(anonymous_4)
FNDA:0,(anonymous_5)
DA:6,1
DA:14,1
DA:15,0
DA:16,0
DA:17,0
DA:19,0
DA:20,0
DA:23,0
DA:24,0
DA:25,0
DA:26,0
DA:30,0
DA:34,0
DA:35,0
DA:36,0
DA:37,0
DA:40,0
DA:41,0
DA:44,0
DA:45,0
DA:48,0
DA:51,0
DA:52,0
DA:57,0
DA:58,0
DA:61,0
DA:66,0
DA:67,0
DA:68,0
DA:69,0
DA:74,0
DA:75,0
DA:78,0
DA:80,0
DA:92,0
LF:35
LH:2
BRDA:14,0,0,0
BRDA:14,1,0,0
BRDA:23,2,0,0
BRDA:23,2,1,0
BRDA:23,3,0,0
BRDA:23,3,1,0
BRDA:34,4,0,0
BRDA:34,4,1,0
BRDA:44,5,0,0
BRDA:44,5,1,0
BRDA:68,6,0,0
BRDA:68,6,1,0
BRDA:75,7,0,0
BRDA:75,7,1,0
BRDA:75,8,0,0
BRDA:75,8,1,0
BRDA:105,9,0,0
BRDA:105,9,1,0
BRF:18
BRH:0
end_of_record
TN:
SF:src/pages/DataAnalysis.js
FN:61,(anonymous_0)
FN:75,(anonymous_1)
FN:76,(anonymous_2)
FN:84,(anonymous_3)
FN:107,(anonymous_4)
FN:166,(anonymous_5)
FN:177,(anonymous_6)
FN:185,(anonymous_7)
FN:193,(anonymous_8)
FN:198,(anonymous_9)
FN:204,(anonymous_10)
FN:205,(anonymous_11)
FN:214,(anonymous_12)
FN:257,(anonymous_13)
FN:281,(anonymous_14)
FN:293,(anonymous_15)
FN:304,(anonymous_16)
FN:323,(anonymous_17)
FN:324,(anonymous_18)
FN:337,(anonymous_19)
FN:344,(anonymous_20)
FN:353,(anonymous_21)
FN:397,(anonymous_22)
FN:401,(anonymous_23)
FN:402,(anonymous_24)
FN:405,(anonymous_25)
FN:406,(anonymous_26)
FN:431,(anonymous_27)
FN:436,(anonymous_28)
FN:437,(anonymous_29)
FN:438,(anonymous_30)
FN:439,(anonymous_31)
FN:440,(anonymous_32)
FN:441,(anonymous_33)
FN:442,(anonymous_34)
FN:446,(anonymous_35)
FN:447,(anonymous_36)
FN:448,(anonymous_37)
FN:449,(anonymous_38)
FN:450,(anonymous_39)
FN:451,(anonymous_40)
FN:452,(anonymous_41)
FN:458,(anonymous_42)
FN:463,(anonymous_43)
FN:468,(anonymous_44)
FN:470,(anonymous_45)
FN:475,(anonymous_46)
FN:481,(anonymous_47)
FN:483,(anonymous_48)
FN:509,(anonymous_49)
FN:655,(anonymous_50)
FNF:51
FNH:0
FNDA:0,(anonymous_0)
FNDA:0,(anonymous_1)
FNDA:0,(anonymous_2)
FNDA:0,(anonymous_3)
FNDA:0,(anonymous_4)
FNDA:0,(anonymous_5)
FNDA:0,(anonymous_6)
FNDA:0,(anonymous_7)
FNDA:0,(anonymous_8)
FNDA:0,(anonymous_9)
FNDA:0,(anonymous_10)
FNDA:0,(anonymous_11)
FNDA:0,(anonymous_12)
FNDA:0,(anonymous_13)
FNDA:0,(anonymous_14)
FNDA:0,(anonymous_15)
FNDA:0,(anonymous_16)
FNDA:0,(anonymous_17)
FNDA:0,(anonymous_18)
FNDA:0,(anonymous_19)
FNDA:0,(anonymous_20)
FNDA:0,(anonymous_21)
FNDA:0,(anonymous_22)
FNDA:0,(anonymous_23)
FNDA:0,(anonymous_24)
FNDA:0,(anonymous_25)
FNDA:0,(anonymous_26)
FNDA:0,(anonymous_27)
FNDA:0,(anonymous_28)
FNDA:0,(anonymous_29)
FNDA:0,(anonymous_30)
FNDA:0,(anonymous_31)
FNDA:0,(anonymous_32)
FNDA:0,(anonymous_33)
FNDA:0,(anonymous_34)
FNDA:0,(anonymous_35)
FNDA:0,(anonymous_36)
FNDA:0,(anonymous_37)
FNDA:0,(anonymous_38)
FNDA:0,(anonymous_39)
FNDA:0,(anonymous_40)
FNDA:0,(anonymous_41)
FNDA:0,(anonymous_42)
FNDA:0,(anonymous_43)
FNDA:0,(anonymous_44)
FNDA:0,(anonymous_45)
FNDA:0,(anonymous_46)
FNDA:0,(anonymous_47)
FNDA:0,(anonymous_48)
FNDA:0,(anonymous_49)
FNDA:0,(anonymous_50)
DA:29,1
DA:30,1
DA:31,1
DA:32,1
DA:35,1
DA:48,1
DA:61,1
DA:62,0
DA:63,0
DA:64,0
DA:65,0
DA:66,0
DA:67,0
DA:68,0
DA:69,0
DA:70,0
DA:71,0
DA:72,0
DA:75,0
DA:76,0
DA:77,0
DA:78,0
DA:79,0
DA:84,0
DA:85,0
DA:86,0
DA:87,0
DA:91,0
DA:93,0
DA:94,0
DA:97,0
DA:98,0
DA:101,0
DA:107,0
DA:109,0
DA:112,0
DA:113,0
DA:115,0
DA:119,0
DA:120,0
DA:121,0
DA:125,0
DA:126,0
DA:129,0
DA:130,0
DA:133,0
DA:134,0
DA:135,0
DA:138,0
DA:143,0
DA:150,0
DA:166,0
DA:167,0
DA:168,0
DA:171,0
DA:177,0
DA:178,0
DA:179,0
DA:181,0
DA:185,0
DA:186,0
DA:187,0
DA:189,0
DA:193,0
DA:195,0
DA:198,0
DA:199,0
DA:200,0
DA:204,0
DA:205,0
DA:207,0
DA:215,0
DA:216,0
DA:217,0
DA:257,0
DA:259,0
DA:262,0
DA:263,0
DA:266,0
DA:274,0
DA:282,0
DA:293,0
DA:304,0
DA:324,0
DA:337,0
DA:339,0
DA:344,0
DA:346,0
DA:354,0
DA:397,0
DA:398,0
DA:401,0
DA:402,0
DA:405,0
DA:406,0
DA:409,0
DA:410,0
DA:412,0
DA:413,0
DA:414,0
DA:417,0
DA:418,0
DA:421,0
DA:422,0
DA:424,0
DA:431,0
DA:432,0
DA:434,0
DA:435,0
DA:436,0
DA:437,0
DA:438,0
DA:439,0
DA:440,0
DA:441,0
DA:442,0
DA:445,0
DA:446,0
DA:447,0
DA:448,0
DA:449,0
DA:450,0
DA:451,0
DA:452,0
DA:458,0
DA:459,0
DA:463,0
DA:464,0
DA:468,0
DA:469,0
DA:470,0
DA:471,0
DA:475,0
DA:476,0
DA:481,0
DA:482,0
DA:483,0
DA:484,0
DA:488,0
DA:509,0
DA:510,0
DA:514,0
DA:515,0
DA:522,0
DA:655,0
LF:145
LH:7
BRDA:85,0,0,0
BRDA:85,0,1,0
BRDA:85,1,0,0
BRDA:85,1,1,0
BRDA:112,2,0,0
BRDA:112,2,1,0
BRDA:112,3,0,0
BRDA:112,3,1,0
BRDA:119,4,0,0
BRDA:119,4,1,0
BRDA:119,5,0,0
BRDA:119,5,1,0
BRDA:167,6,0,0
BRDA:167,6,1,0
BRDA:167,7,0,0
BRDA:167,7,1,0
BRDA:171,8,0,0
BRDA:171,8,1,0
BRDA:178,9,0,0
BRDA:178,9,1,0
BRDA:179,10,0,0
BRDA:179,10,1,0
BRDA:186,11,0,0
BRDA:186,11,1,0
BRDA:187,12,0,0
BRDA:187,12,1,0
BRDA:339,13,0,0
BRDA:339,13,1,0
BRDA:398,14,0,0
BRDA:398,14,1,0
BRDA:417,15,0,0
BRDA:417,15,1,0
BRDA:434,16,0,0
BRDA:434,16,1,0
BRDA:469,17,0,0
BRDA:469,17,1,0
BRDA:471,18,0,0
BRDA:471,18,1,0
BRDA:482,19,0,0
BRDA:482,19,1,0
BRDA:484,20,0,0
BRDA:484,20,1,0
BRDA:514,21,0,0
BRDA:514,21,1,0
BRDA:536,22,0,0
BRDA:536,22,1,0
BRDA:592,23,0,0
BRDA:592,23,1,0
BRDA:592,24,0,0
BRDA:592,24,1,0
BRDA:593,25,0,0
BRDA:593,25,1,0
BRDA:593,26,0,0
BRDA:593,26,1,0
BRDA:594,27,0,0
BRDA:594,27,1,0
BRDA:594,28,0,0
BRDA:594,28,1,0
BRDA:654,29,0,0
BRDA:654,29,1,0
BRF:60
BRH:0
end_of_record
TN:
SF:src/pages/Login.js
FN:58,(anonymous_0)
FN:66,(anonymous_1)
FNF:2
FNH:2
FNDA:4,(anonymous_0)
FNDA:1,(anonymous_1)
DA:7,1
DA:10,1
DA:58,1
DA:59,4
DA:60,4
DA:61,4
DA:62,4
DA:64,4
DA:66,4
DA:67,1
DA:68,1
DA:69,1
DA:70,1
DA:71,1
DA:73,0
DA:75,1
DA:79,4
LF:17
LH:16
BRDA:64,0,0,4
BRDA:64,0,1,0
BRDA:71,1,0,0
BRDA:71,1,1,1
BRF:4
BRH:2
end_of_record
TN:
SF:src/pages/PredictionForm.js
FN:38,(anonymous_0)
FN:50,(anonymous_1)
FN:79,(anonymous_2)
FN:93,(anonymous_3)
FN:99,(anonymous_4)
FN:131,(anonymous_5)
FN:137,(anonymous_6)
FN:139,(anonymous_7)
FN:156,(anonymous_8)
FN:171,(anonymous_9)
FN:196,(anonymous_10)
FN:209,(anonymous_11)
FN:219,(anonymous_12)
FN:220,(anonymous_13)
FN:223,(anonymous_14)
FN:231,(anonymous_15)
FN:254,(anonymous_16)
FN:263,(anonymous_17)
FN:264,(anonymous_18)
FN:304,(anonymous_19)
FN:310,(anonymous_20)
FN:541,(anonymous_21)
FN:586,(anonymous_22)
FNF:23
FNH:0
FNDA:0,(anonymous_0)
FNDA:0,(anonymous_1)
FNDA:0,(anonymous_2)
FNDA:0,(anonymous_3)
FNDA:0,(anonymous_4)
FNDA:0,(anonymous_5)
FNDA:0,(anonymous_6)
FNDA:0,(anonymous_7)
FNDA:0,(anonymous_8)
FNDA:0,(anonymous_9)
FNDA:0,(anonymous_10)
FNDA:0,(anonymous_11)
FNDA:0,(anonymous_12)
FNDA:0,(anonymous_13)
FNDA:0,(anonymous_14)
FNDA:0,(anonymous_15)
FNDA:0,(anonymous_16)
FNDA:0,(anonymous_17)
FNDA:0,(anonymous_18)
FNDA:0,(anonymous_19)
FNDA:0,(anonymous_20)
FNDA:0,(anonymous_21)
FNDA:0,(anonymous_22)
DA:36,1
DA:38,1
DA:39,0
DA:40,0
DA:41,0
DA:42,0
DA:43,0
DA:44,0
DA:45,0
DA:46,0
DA:47,0
DA:48,0
DA:50,0
DA:51,0
DA:52,0
DA:53,0
DA:55,0
DA:57,0
DA:66,0
DA:68,0
DA:69,0
DA:72,0
DA:79,0
DA:80,0
DA:82,0
DA:83,0
DA:86,0
DA:87,0
DA:89,0
DA:93,0
DA:94,0
DA:95,0
DA:96,0
DA:99,0
DA:100,0
DA:102,0
DA:109,0
DA:131,0
DA:137,0
DA:141,0
DA:142,0
DA:156,0
DA:157,0
DA:158,0
DA:159,0
DA:162,0
DA:164,0
DA:166,0
DA:169,0
DA:171,0
DA:174,0
DA:182,0
DA:185,0
DA:186,0
DA:187,0
DA:189,0
DA:191,0
DA:196,0
DA:197,0
DA:198,0
DA:199,0
DA:200,0
DA:203,0
DA:204,0
DA:205,0
DA:209,0
DA:210,0
DA:211,0
DA:215,0
DA:216,0
DA:219,0
DA:220,0
DA:223,0
DA:231,0
DA:232,0
DA:233,0
DA:236,0
DA:237,0
DA:238,0
DA:239,0
DA:241,0
DA:250,0
DA:254,0
DA:255,0
DA:256,0
DA:257,0
DA:260,0
DA:262,0
DA:263,0
DA:264,0
DA:265,0
DA:268,0
DA:271,0
DA:272,0
DA:273,0
DA:274,0
DA:275,0
DA:276,0
DA:277,0
DA:278,0
DA:279,0
DA:281,0
DA:283,0
DA:287,0
DA:304,0
DA:310,0
DA:541,0
DA:586,0
LF:108
LH:2
BRDA:68,0,0,0
BRDA:68,0,1,0
BRDA:82,1,0,0
BRDA:82,1,1,0
BRDA:86,2,0,0
BRDA:86,2,1,0
BRDA:100,3,0,0
BRDA:100,3,1,0
BRDA:157,4,0,0
BRDA:157,4,1,0
BRDA:157,5,0,0
BRDA:157,5,1,0
BRDA:197,6,0,0
BRDA:197,6,1,0
BRDA:197,7,0,0
BRDA:197,7,1,0
BRDA:210,8,0,0
BRDA:210,8,1,0
BRDA:210,9,0,0
BRDA:210,9,1,0
BRDA:236,10,0,0
BRDA:236,10,1,0
BRDA:237,11,0,0
BRDA:237,11,1,0
BRDA:238,12,0,0
BRDA:238,12,1,0
BRDA:239,13,0,0
BRDA:239,13,1,0
BRDA:255,14,0,0
BRDA:255,14,1,0
BRDA:255,15,0,0
BRDA:255,15,1,0
BRDA:265,16,0,0
BRDA:265,16,1,0
BRDA:265,17,0,0
BRDA:265,17,1,0
BRDA:303,18,0,0
BRDA:303,18,1,0
BRDA:309,19,0,0
BRDA:309,19,1,0
BRDA:317,20,0,0
BRDA:317,20,1,0
BRDA:326,21,0,0
BRDA:326,21,1,0
BRDA:520,22,0,0
BRDA:520,22,1,0
BRDA:521,23,0,0
BRDA:521,23,1,0
BRDA:524,24,0,0
BRDA:524,24,1,0
BRDA:551,25,0,0
BRDA:551,25,1,0
BRF:52
BRH:0
end_of_record
TN:
SF:src/pages/admin/ModelManagement.js
FN:34,(anonymous_0)
FN:45,(anonymous_1)
FN:49,(anonymous_2)
FN:62,(anonymous_3)
FN:80,(anonymous_4)
FN:98,(anonymous_5)
FN:117,(anonymous_6)
FN:133,(anonymous_7)
FN:144,(anonymous_8)
FN:154,(anonymous_9)
FN:162,(anonymous_10)
FN:169,(anonymous_11)
FN:177,(anonymous_12)
FN:187,(anonymous_13)
FN:188,(anonymous_14)
FN:208,(anonymous_15)
FN:224,(anonymous_16)
FN:362,(anonymous_17)
FN:377,(anonymous_18)
FN:379,(anonymous_19)
FNF:20
FNH:0
FNDA:0,(anonymous_0)
FNDA:0,(anonymous_1)
FNDA:0,(anonymous_2)
FNDA:0,(anonymous_3)
FNDA:0,(anonymous_4)
FNDA:0,(anonymous_5)
FNDA:0,(anonymous_6)
FNDA:0,(anonymous_7)
FNDA:0,(anonymous_8)
FNDA:0,(anonymous_9)
FNDA:0,(anonymous_10)
FNDA:0,(anonymous_11)
FNDA:0,(anonymous_12)
FNDA:0,(anonymous_13)
FNDA:0,(anonymous_14)
FNDA:0,(anonymous_15)
FNDA:0,(anonymous_16)
FNDA:0,(anonymous_17)
FNDA:0,(anonymous_18)
FNDA:0,(anonymous_19)
DA:30,1
DA:31,1
DA:32,1
DA:34,1
DA:35,0
DA:36,0
DA:37,0
DA:38,0
DA:39,0
DA:40,0
DA:41,0
DA:42,0
DA:45,0
DA:46,0
DA:49,0
DA:50,0
DA:51,0
DA:52,0
DA:53,0
DA:54,0
DA:56,0
DA:57,0
DA:62,0
DA:63,0
DA:64,0
DA:65,0
DA:66,0
DA:67,0
DA:68,0
DA:70,0
DA:73,0
DA:75,0
DA:80,0
DA:81,0
DA:82,0
DA:83,0
DA:84,0
DA:85,0
DA:86,0
DA:88,0
DA:91,0
DA:93,0
DA:98,0
DA:99,0
DA:100,0
DA:101,0
DA:102,0
DA:103,0
DA:104,0
DA:105,0
DA:107,0
DA:110,0
DA:112,0
DA:117,0
DA:118,0
DA:124,0
DA:128,0
DA:134,0
DA:145,0
DA:155,0
DA:156,0
DA:163,0
DA:169,0
DA:177,0
DA:187,0
DA:188,0
DA:196,0
DA:208,0
DA:224,0
DA:362,0
DA:377,0
DA:379,0
LF:72
LH:4
BRDA:53,0,0,0
BRDA:53,0,1,0
BRDA:66,1,0,0
BRDA:66,1,1,0
BRDA:84,2,0,0
BRDA:84,2,1,0
BRDA:102,3,0,0
BRDA:102,3,1,0
BRDA:124,4,0,0
BRDA:124,4,1,0
BRDA:145,5,0,0
BRDA:145,5,1,0
BRDA:146,6,0,0
BRDA:146,6,1,0
BRDA:156,7,0,0
BRDA:156,7,1,0
BRDA:156,8,0,0
BRDA:156,8,1,0
BRDA:192,9,0,0
BRDA:192,9,1,0
BRDA:249,10,0,0
BRDA:249,10,1,0
BRDA:250,11,0,0
BRDA:250,11,1,0
BRDA:260,12,0,0
BRDA:260,12,1,0
BRDA:278,13,0,0
BRDA:278,13,1,0
BRDA:279,14,0,0
BRDA:279,14,1,0
BRDA:289,15,0,0
BRDA:289,15,1,0
BRDA:307,16,0,0
BRDA:307,16,1,0
BRDA:308,17,0,0
BRDA:308,17,1,0
BRDA:318,18,0,0
BRDA:318,18,1,0
BRDA:336,19,0,0
BRDA:336,19,1,0
BRDA:337,20,0,0
BRDA:337,20,1,0
BRDA:347,21,0,0
BRDA:347,21,1,0
BRDA:406,22,0,0
BRDA:406,22,1,0
BRF:46
BRH:0
end_of_record
TN:
SF:src/pages/admin/UserManagement.js
FN:48,(anonymous_0)
FN:60,(anonymous_1)
FN:62,(anonymous_2)
FN:69,(anonymous_3)
FN:77,(anonymous_4)
FN:93,(anonymous_5)
FN:94,(anonymous_6)
FN:98,(anonymous_7)
FN:106,(anonymous_8)
FN:118,(anonymous_9)
FN:120,(anonymous_10)
FN:125,(anonymous_11)
FN:131,(anonymous_12)
FN:143,(anonymous_13)
FN:149,(anonymous_14)
FN:162,(anonymous_15)
FN:177,(anonymous_16)
FN:192,(anonymous_17)
FN:197,(anonymous_18)
FN:203,(anonymous_19)
FN:240,(anonymous_20)
FN:250,(anonymous_21)
FN:275,(anonymous_22)
FN:296,(anonymous_23)
FN:374,(anonymous_24)
FN:375,(anonymous_25)
FN:394,(anonymous_26)
FN:436,(anonymous_27)
FN:445,(anonymous_28)
FNF:29
FNH:0
FNDA:0,(anonymous_0)
FNDA:0,(anonymous_1)
FNDA:0,(anonymous_2)
FNDA:0,(anonymous_3)
FNDA:0,(anonymous_4)
FNDA:0,(anonymous_5)
FNDA:0,(anonymous_6)
FNDA:0,(anonymous_7)
FNDA:0,(anonymous_8)
FNDA:0,(anonymous_9)
FNDA:0,(anonymous_10)
FNDA:0,(anonymous_11)
FNDA:0,(anonymous_12)
FNDA:0,(anonymous_13)
FNDA:0,(anonymous_14)
FNDA:0,(anonymous_15)
FNDA:0,(anonymous_16)
FNDA:0,(anonymous_17)
FNDA:0,(anonymous_18)
FNDA:0,(anonymous_19)
FNDA:0,(anonymous_20)
FNDA:0,(anonymous_21)
FNDA:0,(anonymous_22)
FNDA:0,(anonymous_23)
FNDA:0,(anonymous_24)
FNDA:0,(anonymous_25)
FNDA:0,(anonymous_26)
FNDA:0,(anonymous_27)
FNDA:0,(anonymous_28)
DA:36,1
DA:37,1
DA:40,1
DA:48,1
DA:49,0
DA:50,0
DA:51,0
DA:52,0
DA:53,0
DA:54,0
DA:55,0
DA:56,0
DA:57,0
DA:60,0
DA:62,0
DA:63,0
DA:64,0
DA:69,0
DA:70,0
DA:71,0
DA:72,0
DA:73,0
DA:77,0
DA:78,0
DA:79,0
DA:80,0
DA:89,0
DA:93,0
DA:94,0
DA:96,0
DA:98,0
DA:99,0
DA:101,0
DA:102,0
DA:105,0
DA:106,0
DA:110,0
DA:111,0
DA:113,0
DA:118,0
DA:120,0
DA:121,0
DA:125,0
DA:126,0
DA:127,0
DA:131,0
DA:132,0
DA:138,0
DA:144,0
DA:149,0
DA:163,0
DA:178,0
DA:193,0
DA:197,0
DA:203,0
DA:221,0
DA:240,0
DA:250,0
DA:275,0
DA:296,0
DA:374,0
DA:376,0
DA:377,0
DA:379,0
DA:394,0
DA:437,0
DA:438,0
DA:445,0
LF:68
LH:4
BRDA:96,0,0,0
BRDA:96,0,1,0
BRDA:99,1,0,0
BRDA:99,1,1,0
BRDA:132,2,0,0
BRDA:132,2,1,0
BRDA:132,2,2,0
BRDA:146,3,0,0
BRDA:146,3,1,0
BRDA:163,4,0,0
BRDA:163,4,1,0
BRDA:164,5,0,0
BRDA:164,5,1,0
BRDA:179,6,0,0
BRDA:179,6,1,0
BRDA:180,7,0,0
BRDA:180,7,1,0
BRDA:376,8,0,0
BRDA:376,8,1,0
BRDA:376,9,0,0
BRDA:376,9,1,0
BRDA:398,10,0,0
BRDA:398,10,1,0
BRDA:404,11,0,0
BRDA:404,11,1,0
BRDA:411,12,0,0
BRDA:411,12,1,0
BRDA:412,13,0,0
BRDA:412,13,1,0
BRDA:422,14,0,0
BRDA:422,14,1,0
BRDA:423,15,0,0
BRDA:423,15,1,0
BRF:33
BRH:0
end_of_record
TN:
SF:src/services/api.js
FN:16,(anonymous_0)
FN:27,(anonymous_1)
FN:38,(anonymous_2)
FN:48,(anonymous_3)
FN:58,(anonymous_4)
FNF:5
FNH:0
FNDA:0,(anonymous_0)
FNDA:0,(anonymous_1)
FNDA:0,(anonymous_2)
FNDA:0,(anonymous_3)
FNDA:0,(anonymous_4)
DA:3,1
DA:6,1
DA:14,1
DA:17,0
DA:18,0
DA:19,0
DA:21,0
DA:22,0
DA:28,0
DA:29,0
DA:30,0
DA:32,0
DA:33,0
DA:39,0
DA:40,0
DA:41,0
DA:43,0
DA:44,0
DA:49,0
DA:50,0
DA:51,0
DA:53,0
DA:54,0
DA:59,0
DA:60,0
DA:61,0
DA:63,0
DA:64,0
LF:28
LH:3
BRF:0
BRH:0
end_of_record
TN:
SF:src/utils/authContext.js
FN:7,(anonymous_0)
FN:10,(anonymous_1)
FN:17,(anonymous_2)
FN:18,(anonymous_3)
FN:33,(anonymous_4)
FN:35,(anonymous_5)
FN:64,(anonymous_6)
FNF:7
FNH:7
FNDA:11,(anonymous_0)
FNDA:26,(anonymous_1)
FNDA:11,(anonymous_2)
FNDA:11,(anonymous_3)
FNDA:3,(anonymous_4)
FNDA:3,(anonymous_5)
FNDA:1,(anonymous_6)
DA:4,3
DA:7,11
DA:10,3
DA:11,26
DA:12,26
DA:13,26
DA:14,26
DA:17,26
DA:18,11
DA:19,11
DA:20,11
DA:21,1
DA:22,1
DA:23,1
DA:24,1
DA:26,11
DA:29,11
DA:33,26
DA:35,3
DA:36,3
DA:38,3
DA:39,3
DA:40,3
DA:46,3
DA:49,3
DA:50,3
DA:51,3
DA:53,3
DA:55,0
DA:58,0
DA:64,26
DA:65,1
DA:66,1
DA:67,1
DA:68,1
DA:72,26
DA:81,26
LF:37
LH:35
BRDA:20,0,0,1
BRDA:20,0,1,10
BRDA:38,1,0,3
BRDA:38,1,1,0
BRDA:38,2,0,3
BRDA:38,2,1,3
BRDA:39,3,0,0
BRDA:39,3,1,3
BRDA:83,4,0,26
BRDA:83,4,1,15
BRF:10
BRH:8
end_of_record
